
           ####      G N O M             Version 5.0 (r13469)      ####
                                               Wed May 18 17:33:21 2022

           ####      Configuration                                 ####

    System Type:                   arbitrary monodisperse (job = 0)
    Minimum characteristic size:         0.0000
    Maximum characteristic size:       200.0000
    rad56:                               0.0000
    Force 0.0 at r = rmin:                  yes
    Force 0.0 at r = rmax:                  yes
    Initial alpha:                       1.0000
    Initial random seed:     314665301337526740
    Points in real space:                   200

    Input  1:                      D:/OneDrive - Temple University/Sun-Group (Yugang Sun)/Wu, Siyu/Manuscript/SharpyFigureData/Figure1a/35AspherePD025.txt
    First data point used:                    1
    Last data point used:                   900
    Scaling coefficient:             0.1000E+01
    Experimental setup:            point collimation



           ####      Results                                       ####

    Parameter    DISCRP  OSCILL  STABIL  SYSDEV  POSITV  VALCEN  SMOOTH
    Weight        1.000   3.000   3.000   3.000   1.000   1.000   1.000
    Sigma         0.300   0.600   0.120   0.120   0.120   0.120   0.600
    Ideal         0.700   1.100   0.000   1.000   1.000   0.950   0.000
    Current       0.027   2.003   0.004   0.320   1.000   0.702  99.999
               --------------------------------------------------------
    Estimate      0.007   0.104   0.999   0.000   1.000   0.014   0.000

    Angular range:                       0.0050 to       0.3779
    Reciprocal space Rg:             0.4177E+02
    Reciprocal space I(0):           0.4150E+02

    Real space range:                    0.0000 to     200.0000
    Real space Rg:                   0.4178E+02 +-   0.8129E+00
    Real space I(0):                 0.4150E+02 +-   0.3290E+00

    Highest ALPHA (theor):           0.3045E+10
    Current ALPHA:                   0.1000E+01

    Total Estimate:                      0.3330 (a SUSPICIOUS solution)



           ####      Experimental Data and Fit                     ####

      S          J EXP       ERROR       J REG       I REG

   0.000000E+00                                                0.415037E+02
   0.384615E-03                                                0.414999E+02
   0.769231E-03                                                0.414891E+02
   0.115385E-02                                                0.414713E+02
   0.153846E-02                                                0.414463E+02
   0.192308E-02                                                0.414142E+02
   0.230769E-02                                                0.413751E+02
   0.269231E-02                                                0.413288E+02
   0.307692E-02                                                0.412755E+02
   0.346154E-02                                                0.412152E+02
   0.384615E-02                                                0.411479E+02
   0.423077E-02                                                0.410736E+02
   0.461538E-02                                                0.409925E+02
   0.500000E-02   0.408519E+02   0.122556E+01   0.409045E+02   0.409045E+02
   0.541476E-02   0.407506E+02   0.122252E+01   0.408019E+02   0.408019E+02
   0.582951E-02   0.406416E+02   0.121925E+01   0.406915E+02   0.406915E+02
   0.624427E-02   0.405248E+02   0.121574E+01   0.405733E+02   0.405733E+02
   0.665902E-02   0.404004E+02   0.121201E+01   0.404474E+02   0.404474E+02
   0.707378E-02   0.402684E+02   0.120805E+01   0.403139E+02   0.403139E+02
   0.748854E-02   0.401290E+02   0.120387E+01   0.401728E+02   0.401728E+02
   0.790329E-02   0.399821E+02   0.119946E+01   0.400243E+02   0.400243E+02
   0.831805E-02   0.398280E+02   0.119484E+01   0.398684E+02   0.398684E+02
   0.873281E-02   0.396667E+02   0.119000E+01   0.397052E+02   0.397052E+02
   0.914756E-02   0.394983E+02   0.118495E+01   0.395349E+02   0.395349E+02
   0.956232E-02   0.393229E+02   0.117969E+01   0.393575E+02   0.393575E+02
   0.997707E-02   0.391406E+02   0.117422E+01   0.391732E+02   0.391732E+02
   0.103918E-01   0.389515E+02   0.116855E+01   0.389820E+02   0.389820E+02
   0.108066E-01   0.387557E+02   0.116267E+01   0.387841E+02   0.387841E+02
   0.112213E-01   0.385534E+02   0.115660E+01   0.385797E+02   0.385797E+02
   0.116361E-01   0.383447E+02   0.115034E+01   0.383687E+02   0.383687E+02
   0.120509E-01   0.381297E+02   0.114389E+01   0.381514E+02   0.381514E+02
   0.124656E-01   0.379085E+02   0.113725E+01   0.379279E+02   0.379279E+02
   0.128804E-01   0.376812E+02   0.113044E+01   0.376983E+02   0.376983E+02
   0.132951E-01   0.374480E+02   0.112344E+01   0.374628E+02   0.374628E+02
   0.137099E-01   0.372090E+02   0.111627E+01   0.372215E+02   0.372215E+02
   0.141246E-01   0.369644E+02   0.110893E+01   0.369745E+02   0.369745E+02
   0.145394E-01   0.367143E+02   0.110143E+01   0.367220E+02   0.367220E+02
   0.149541E-01   0.364589E+02   0.109377E+01   0.364642E+02   0.364642E+02
   0.153689E-01   0.361982E+02   0.108595E+01   0.362011E+02   0.362011E+02
   0.157837E-01   0.359325E+02   0.107797E+01   0.359330E+02   0.359330E+02
   0.161984E-01   0.356618E+02   0.106986E+01   0.356600E+02   0.356600E+02
   0.166132E-01   0.353864E+02   0.106159E+01   0.353822E+02   0.353822E+02
   0.170279E-01   0.351064E+02   0.105319E+01   0.350998E+02   0.350998E+02
   0.174427E-01   0.348220E+02   0.104466E+01   0.348130E+02   0.348130E+02
   0.178574E-01   0.345332E+02   0.103600E+01   0.345219E+02   0.345219E+02
   0.182722E-01   0.342403E+02   0.102721E+01   0.342266E+02   0.342266E+02
   0.186870E-01   0.339434E+02   0.101830E+01   0.339275E+02   0.339275E+02
   0.191017E-01   0.336427E+02   0.100928E+01   0.336245E+02   0.336245E+02
   0.195165E-01   0.333383E+02   0.100015E+01   0.333179E+02   0.333179E+02
   0.199312E-01   0.330304E+02   0.990913E+00   0.330078E+02   0.330078E+02
   0.203460E-01   0.327192E+02   0.981576E+00   0.326945E+02   0.326945E+02
   0.207607E-01   0.324048E+02   0.972144E+00   0.323780E+02   0.323780E+02
   0.211755E-01   0.320874E+02   0.962622E+00   0.320585E+02   0.320585E+02
   0.215902E-01   0.317671E+02   0.953013E+00   0.317362E+02   0.317362E+02
   0.220050E-01   0.314441E+02   0.943324E+00   0.314113E+02   0.314113E+02
   0.224198E-01   0.311186E+02   0.933558E+00   0.310839E+02   0.310839E+02
   0.228345E-01   0.307907E+02   0.923721E+00   0.307541E+02   0.307541E+02
   0.232493E-01   0.304606E+02   0.913818E+00   0.304223E+02   0.304223E+02
   0.236640E-01   0.301284E+02   0.903853E+00   0.300884E+02   0.300884E+02
   0.240788E-01   0.297944E+02   0.893831E+00   0.297527E+02   0.297527E+02
   0.244935E-01   0.294586E+02   0.883757E+00   0.294153E+02   0.294153E+02
   0.249083E-01   0.291212E+02   0.873635E+00   0.290764E+02   0.290764E+02
   0.253231E-01   0.287824E+02   0.863471E+00   0.287361E+02   0.287361E+02
   0.257378E-01   0.284423E+02   0.853269E+00   0.283947E+02   0.283947E+02
   0.261526E-01   0.281011E+02   0.843032E+00   0.280522E+02   0.280522E+02
   0.265673E-01   0.277589E+02   0.832767E+00   0.277088E+02   0.277088E+02
   0.269821E-01   0.274159E+02   0.822478E+00   0.273646E+02   0.273646E+02
   0.273968E-01   0.270723E+02   0.812168E+00   0.270199E+02   0.270199E+02
   0.278116E-01   0.267281E+02   0.801843E+00   0.266747E+02   0.266747E+02
   0.282263E-01   0.263835E+02   0.791506E+00   0.263292E+02   0.263292E+02
   0.286411E-01   0.260387E+02   0.781162E+00   0.259836E+02   0.259836E+02
   0.290559E-01   0.256939E+02   0.770816E+00   0.256380E+02   0.256380E+02
   0.294706E-01   0.253490E+02   0.760471E+00   0.252924E+02   0.252924E+02
   0.298854E-01   0.250044E+02   0.750131E+00   0.249471E+02   0.249471E+02
   0.303001E-01   0.246600E+02   0.739801E+00   0.246022E+02   0.246022E+02
   0.307149E-01   0.243161E+02   0.729484E+00   0.242579E+02   0.242579E+02
   0.311296E-01   0.239728E+02   0.719184E+00   0.239142E+02   0.239142E+02
   0.315444E-01   0.236302E+02   0.708906E+00   0.235713E+02   0.235713E+02
   0.319591E-01   0.232884E+02   0.698652E+00   0.232293E+02   0.232293E+02
   0.323739E-01   0.229476E+02   0.688427E+00   0.228882E+02   0.228882E+02
   0.327887E-01   0.226078E+02   0.678234E+00   0.225484E+02   0.225484E+02
   0.332034E-01   0.222692E+02   0.668076E+00   0.222098E+02   0.222098E+02
   0.336182E-01   0.219319E+02   0.657957E+00   0.218725E+02   0.218725E+02
   0.340329E-01   0.215960E+02   0.647881E+00   0.215368E+02   0.215368E+02
   0.344477E-01   0.212616E+02   0.637849E+00   0.212026E+02   0.212026E+02
   0.348624E-01   0.209289E+02   0.627867E+00   0.208701E+02   0.208701E+02
   0.352772E-01   0.205979E+02   0.617936E+00   0.205393E+02   0.205393E+02
   0.356920E-01   0.202687E+02   0.608060E+00   0.202105E+02   0.202105E+02
   0.361067E-01   0.199414E+02   0.598241E+00   0.198836E+02   0.198836E+02
   0.365215E-01   0.196161E+02   0.588482E+00   0.195588E+02   0.195588E+02
   0.369362E-01   0.192929E+02   0.578786E+00   0.192362E+02   0.192362E+02
   0.373510E-01   0.189719E+02   0.569156E+00   0.189158E+02   0.189158E+02
   0.377657E-01   0.186531E+02   0.559594E+00   0.185977E+02   0.185977E+02
   0.381805E-01   0.183367E+02   0.550102E+00   0.182820E+02   0.182820E+02
   0.385952E-01   0.180228E+02   0.540683E+00   0.179688E+02   0.179688E+02
   0.390100E-01   0.177113E+02   0.531339E+00   0.176581E+02   0.176581E+02
   0.394248E-01   0.174024E+02   0.522072E+00   0.173500E+02   0.173500E+02
   0.398395E-01   0.170961E+02   0.512884E+00   0.170446E+02   0.170446E+02
   0.402543E-01   0.167926E+02   0.503777E+00   0.167420E+02   0.167420E+02
   0.406690E-01   0.164918E+02   0.494753E+00   0.164421E+02   0.164421E+02
   0.410838E-01   0.161938E+02   0.485814E+00   0.161451E+02   0.161451E+02
   0.414985E-01   0.158987E+02   0.476962E+00   0.158510E+02   0.158510E+02
   0.419133E-01   0.156066E+02   0.468197E+00   0.155599E+02   0.155599E+02
   0.423281E-01   0.153174E+02   0.459522E+00   0.152718E+02   0.152718E+02
   0.427428E-01   0.150313E+02   0.450938E+00   0.149867E+02   0.149867E+02
   0.431576E-01   0.147482E+02   0.442446E+00   0.147047E+02   0.147047E+02
   0.435723E-01   0.144682E+02   0.434047E+00   0.144259E+02   0.144259E+02
   0.439871E-01   0.141914E+02   0.425743E+00   0.141502E+02   0.141502E+02
   0.444018E-01   0.139178E+02   0.417535E+00   0.138778E+02   0.138778E+02
   0.448166E-01   0.136475E+02   0.409424E+00   0.136085E+02   0.136085E+02
   0.452313E-01   0.133803E+02   0.401410E+00   0.133426E+02   0.133426E+02
   0.456461E-01   0.131165E+02   0.393495E+00   0.130799E+02   0.130799E+02
   0.460609E-01   0.128560E+02   0.385679E+00   0.128205E+02   0.128205E+02
   0.464756E-01   0.125988E+02   0.377963E+00   0.125645E+02   0.125645E+02
   0.468904E-01   0.123449E+02   0.370347E+00   0.123118E+02   0.123118E+02
   0.473051E-01   0.120944E+02   0.362832E+00   0.120624E+02   0.120624E+02
   0.477199E-01   0.118473E+02   0.355419E+00   0.118165E+02   0.118165E+02
   0.481346E-01   0.116036E+02   0.348108E+00   0.115739E+02   0.115739E+02
   0.485494E-01   0.113633E+02   0.340899E+00   0.113348E+02   0.113348E+02
   0.489642E-01   0.111264E+02   0.333792E+00   0.110990E+02   0.110990E+02
   0.493789E-01   0.108929E+02   0.326788E+00   0.108667E+02   0.108667E+02
   0.497937E-01   0.106629E+02   0.319886E+00   0.106377E+02   0.106377E+02
   0.502084E-01   0.104362E+02   0.313087E+00   0.104122E+02   0.104122E+02
   0.506232E-01   0.102130E+02   0.306391E+00   0.101901E+02   0.101901E+02
   0.510379E-01   0.999327E+01   0.299798E+00   0.997137E+01   0.997137E+01
   0.514527E-01   0.977691E+01   0.293307E+00   0.975606E+01   0.975606E+01
   0.518674E-01   0.956396E+01   0.286919E+00   0.954414E+01   0.954414E+01
   0.522822E-01   0.935441E+01   0.280632E+00   0.933560E+01   0.933560E+01
   0.526970E-01   0.914826E+01   0.274448E+00   0.913044E+01   0.913044E+01
   0.531117E-01   0.894550E+01   0.268365E+00   0.892862E+01   0.892862E+01
   0.535265E-01   0.874610E+01   0.262383E+00   0.873016E+01   0.873016E+01
   0.539412E-01   0.855005E+01   0.256502E+00   0.853503E+01   0.853503E+01
   0.543560E-01   0.835735E+01   0.250721E+00   0.834322E+01   0.834322E+01
   0.547707E-01   0.816797E+01   0.245039E+00   0.815470E+01   0.815470E+01
   0.551855E-01   0.798189E+01   0.239457E+00   0.796946E+01   0.796946E+01
   0.556003E-01   0.779909E+01   0.233973E+00   0.778747E+01   0.778747E+01
   0.560150E-01   0.761956E+01   0.228587E+00   0.760872E+01   0.760872E+01
   0.564298E-01   0.744326E+01   0.223298E+00   0.743318E+01   0.743318E+01
   0.568445E-01   0.727017E+01   0.218105E+00   0.726083E+01   0.726083E+01
   0.572593E-01   0.710028E+01   0.213008E+00   0.709163E+01   0.709163E+01
   0.576740E-01   0.693354E+01   0.208006E+00   0.692558E+01   0.692558E+01
   0.580888E-01   0.676994E+01   0.203098E+00   0.676262E+01   0.676262E+01
   0.585035E-01   0.660945E+01   0.198284E+00   0.660275E+01   0.660275E+01
   0.589183E-01   0.645204E+01   0.193561E+00   0.644594E+01   0.644594E+01
   0.593331E-01   0.629768E+01   0.188930E+00   0.629214E+01   0.629214E+01
   0.597478E-01   0.614633E+01   0.184390E+00   0.614133E+01   0.614133E+01
   0.601626E-01   0.599797E+01   0.179939E+00   0.599343E+01   0.599343E+01
   0.605773E-01   0.585257E+01   0.175577E+00   0.584857E+01   0.584857E+01
   0.609921E-01   0.571008E+01   0.171302E+00   0.570654E+01   0.570654E+01
   0.614068E-01   0.557048E+01   0.167115E+00   0.556738E+01   0.556738E+01
   0.618216E-01   0.543374E+01   0.163012E+00   0.543105E+01   0.543105E+01
   0.622363E-01   0.529982E+01   0.158995E+00   0.529752E+01   0.529752E+01
   0.626511E-01   0.516868E+01   0.155060E+00   0.516674E+01   0.516674E+01
   0.630659E-01   0.504029E+01   0.151209E+00   0.503869E+01   0.503869E+01
   0.634806E-01   0.491462E+01   0.147439E+00   0.491333E+01   0.491333E+01
   0.638954E-01   0.479162E+01   0.143749E+00   0.479063E+01   0.479063E+01
   0.643101E-01   0.467126E+01   0.140138E+00   0.467055E+01   0.467055E+01
   0.647249E-01   0.455351E+01   0.136605E+00   0.455305E+01   0.455305E+01
   0.651396E-01   0.443833E+01   0.133150E+00   0.443810E+01   0.443810E+01
   0.655544E-01   0.432567E+01   0.129770E+00   0.432566E+01   0.432566E+01
   0.659692E-01   0.421551E+01   0.126465E+00   0.421569E+01   0.421569E+01
   0.663839E-01   0.410781E+01   0.123234E+00   0.410816E+01   0.410816E+01
   0.667987E-01   0.400252E+01   0.120076E+00   0.400304E+01   0.400304E+01
   0.672134E-01   0.389962E+01   0.116988E+00   0.390027E+01   0.390027E+01
   0.676282E-01   0.379905E+01   0.113972E+00   0.379985E+01   0.379985E+01
   0.680429E-01   0.370080E+01   0.111024E+00   0.370170E+01   0.370170E+01
   0.684577E-01   0.360481E+01   0.108144E+00   0.360580E+01   0.360580E+01
   0.688724E-01   0.351105E+01   0.105331E+00   0.351213E+01   0.351213E+01
   0.692872E-01   0.341948E+01   0.102584E+00   0.342064E+01   0.342064E+01
   0.697020E-01   0.333007E+01   0.999021E-01   0.333129E+01   0.333129E+01
   0.701167E-01   0.324278E+01   0.972833E-01   0.324404E+01   0.324404E+01
   0.705315E-01   0.315757E+01   0.947270E-01   0.315887E+01   0.315887E+01
   0.709462E-01   0.307440E+01   0.922320E-01   0.307574E+01   0.307574E+01
   0.713610E-01   0.299324E+01   0.897972E-01   0.299460E+01   0.299460E+01
   0.717757E-01   0.291405E+01   0.874215E-01   0.291542E+01   0.291542E+01
   0.721905E-01   0.283679E+01   0.851038E-01   0.283817E+01   0.283817E+01
   0.726053E-01   0.276144E+01   0.828431E-01   0.276281E+01   0.276281E+01
   0.730200E-01   0.268794E+01   0.806383E-01   0.268931E+01   0.268931E+01
   0.734348E-01   0.261628E+01   0.784883E-01   0.261763E+01   0.261763E+01
   0.738495E-01   0.254640E+01   0.763920E-01   0.254773E+01   0.254773E+01
   0.742643E-01   0.247828E+01   0.743484E-01   0.247959E+01   0.247959E+01
   0.746790E-01   0.241188E+01   0.723565E-01   0.241316E+01   0.241316E+01
   0.750938E-01   0.234717E+01   0.704152E-01   0.234846E+01   0.234846E+01
   0.755085E-01   0.228411E+01   0.685234E-01   0.228531E+01   0.228531E+01
   0.759233E-01   0.222268E+01   0.666803E-01   0.222385E+01   0.222385E+01
   0.763381E-01   0.216283E+01   0.648848E-01   0.216396E+01   0.216396E+01
   0.767528E-01   0.210453E+01   0.631359E-01   0.210562E+01   0.210562E+01
   0.771676E-01   0.204775E+01   0.614325E-01   0.204880E+01   0.204880E+01
   0.775823E-01   0.199246E+01   0.597739E-01   0.199347E+01   0.199347E+01
   0.779971E-01   0.193863E+01   0.581589E-01   0.193959E+01   0.193959E+01
   0.784118E-01   0.188622E+01   0.565867E-01   0.188714E+01   0.188714E+01
   0.788266E-01   0.183521E+01   0.550563E-01   0.183608E+01   0.183608E+01
   0.792414E-01   0.178556E+01   0.535669E-01   0.178639E+01   0.178639E+01
   0.796561E-01   0.173725E+01   0.521174E-01   0.173802E+01   0.173802E+01
   0.800709E-01   0.169023E+01   0.507070E-01   0.169097E+01   0.169097E+01
   0.804856E-01   0.164449E+01   0.493348E-01   0.164518E+01   0.164518E+01
   0.809004E-01   0.160000E+01   0.480000E-01   0.160065E+01   0.160065E+01
   0.813151E-01   0.155672E+01   0.467017E-01   0.155733E+01   0.155733E+01
   0.817299E-01   0.151464E+01   0.454391E-01   0.151520E+01   0.151520E+01
   0.821446E-01   0.147371E+01   0.442113E-01   0.147423E+01   0.147423E+01
   0.825594E-01   0.143391E+01   0.430174E-01   0.143440E+01   0.143440E+01
   0.829742E-01   0.139523E+01   0.418568E-01   0.139568E+01   0.139568E+01
   0.833889E-01   0.135762E+01   0.407286E-01   0.135803E+01   0.135803E+01
   0.838037E-01   0.132107E+01   0.396320E-01   0.132145E+01   0.132145E+01
   0.842184E-01   0.128554E+01   0.385663E-01   0.128589E+01   0.128589E+01
   0.846332E-01   0.125102E+01   0.375306E-01   0.125134E+01   0.125134E+01
   0.850479E-01   0.121748E+01   0.365244E-01   0.121777E+01   0.121777E+01
   0.854627E-01   0.118489E+01   0.355468E-01   0.118516E+01   0.118516E+01
   0.858774E-01   0.115324E+01   0.345971E-01   0.115348E+01   0.115348E+01
   0.862922E-01   0.112249E+01   0.336746E-01   0.112271E+01   0.112271E+01
   0.867070E-01   0.109262E+01   0.327787E-01   0.109282E+01   0.109282E+01
   0.871217E-01   0.106362E+01   0.319086E-01   0.106380E+01   0.106380E+01
   0.875365E-01   0.103546E+01   0.310638E-01   0.103562E+01   0.103562E+01
   0.879512E-01   0.100811E+01   0.302434E-01   0.100826E+01   0.100826E+01
   0.883660E-01   0.981568E+00   0.294470E-01   0.981702E+00   0.981702E+00
   0.887807E-01   0.955797E+00   0.286739E-01   0.955918E+00   0.955918E+00
   0.891955E-01   0.930781E+00   0.279234E-01   0.930891E+00   0.930891E+00
   0.896103E-01   0.906501E+00   0.271950E-01   0.906601E+00   0.906601E+00
   0.900250E-01   0.882938E+00   0.264881E-01   0.883050E+00   0.883050E+00
   0.904398E-01   0.860070E+00   0.258021E-01   0.860201E+00   0.860201E+00
   0.908545E-01   0.837881E+00   0.251364E-01   0.837958E+00   0.837958E+00
   0.912693E-01   0.816351E+00   0.244905E-01   0.816424E+00   0.816424E+00
   0.916840E-01   0.795462E+00   0.238639E-01   0.795530E+00   0.795530E+00
   0.920988E-01   0.775197E+00   0.232559E-01   0.775262E+00   0.775262E+00
   0.925135E-01   0.755539E+00   0.226662E-01   0.755601E+00   0.755601E+00
   0.929283E-01   0.736470E+00   0.220941E-01   0.736530E+00   0.736530E+00
   0.933431E-01   0.717974E+00   0.215392E-01   0.718032E+00   0.718032E+00
   0.937578E-01   0.700034E+00   0.210010E-01   0.700092E+00   0.700092E+00
   0.941726E-01   0.682636E+00   0.204791E-01   0.682693E+00   0.682693E+00
   0.945873E-01   0.665763E+00   0.199729E-01   0.665820E+00   0.665820E+00
   0.950021E-01   0.649400E+00   0.194820E-01   0.649458E+00   0.649458E+00
   0.954168E-01   0.633533E+00   0.190060E-01   0.633592E+00   0.633592E+00
   0.958316E-01   0.618148E+00   0.185444E-01   0.618208E+00   0.618208E+00
   0.962464E-01   0.603229E+00   0.180969E-01   0.603291E+00   0.603291E+00
   0.966611E-01   0.588764E+00   0.176629E-01   0.588827E+00   0.588827E+00
   0.970759E-01   0.574740E+00   0.172422E-01   0.574803E+00   0.574803E+00
   0.974906E-01   0.561142E+00   0.168343E-01   0.561207E+00   0.561207E+00
   0.979054E-01   0.547958E+00   0.164387E-01   0.548025E+00   0.548025E+00
   0.983201E-01   0.535177E+00   0.160553E-01   0.535244E+00   0.535244E+00
   0.987349E-01   0.522785E+00   0.156835E-01   0.522853E+00   0.522853E+00
   0.991496E-01   0.510771E+00   0.153231E-01   0.510841E+00   0.510841E+00
   0.995644E-01   0.499123E+00   0.149737E-01   0.499194E+00   0.499194E+00
   0.999792E-01   0.487831E+00   0.146349E-01   0.487902E+00   0.487902E+00
   0.100394E+00   0.476883E+00   0.143065E-01   0.476952E+00   0.476952E+00
   0.100809E+00   0.466268E+00   0.139881E-01   0.466341E+00   0.466341E+00
   0.101223E+00   0.455977E+00   0.136793E-01   0.456050E+00   0.456050E+00
   0.101638E+00   0.446000E+00   0.133800E-01   0.446072E+00   0.446072E+00
   0.102053E+00   0.436325E+00   0.130898E-01   0.436397E+00   0.436397E+00
   0.102468E+00   0.426945E+00   0.128083E-01   0.427016E+00   0.427016E+00
   0.102882E+00   0.417849E+00   0.125355E-01   0.417920E+00   0.417920E+00
   0.103297E+00   0.409029E+00   0.122709E-01   0.409098E+00   0.409098E+00
   0.103712E+00   0.400475E+00   0.120142E-01   0.400543E+00   0.400543E+00
   0.104127E+00   0.392180E+00   0.117654E-01   0.392247E+00   0.392247E+00
   0.104541E+00   0.384134E+00   0.115240E-01   0.384199E+00   0.384199E+00
   0.104956E+00   0.376331E+00   0.112899E-01   0.376372E+00   0.376372E+00
   0.105371E+00   0.368762E+00   0.110629E-01   0.368816E+00   0.368816E+00
   0.105786E+00   0.361419E+00   0.108426E-01   0.361476E+00   0.361476E+00
   0.106201E+00   0.354295E+00   0.106289E-01   0.354352E+00   0.354352E+00
   0.106615E+00   0.347384E+00   0.104215E-01   0.347438E+00   0.347438E+00
   0.107030E+00   0.340677E+00   0.102203E-01   0.340728E+00   0.340728E+00
   0.107445E+00   0.334168E+00   0.100251E-01   0.334216E+00   0.334216E+00
   0.107860E+00   0.327852E+00   0.983555E-02   0.327897E+00   0.327897E+00
   0.108274E+00   0.321720E+00   0.965161E-02   0.321764E+00   0.321764E+00
   0.108689E+00   0.315768E+00   0.947305E-02   0.315808E+00   0.315808E+00
   0.109104E+00   0.309989E+00   0.929968E-02   0.310028E+00   0.310028E+00
   0.109519E+00   0.304378E+00   0.913134E-02   0.304412E+00   0.304412E+00
   0.109933E+00   0.298928E+00   0.896785E-02   0.298959E+00   0.298959E+00
   0.110348E+00   0.293635E+00   0.880906E-02   0.293664E+00   0.293664E+00
   0.110763E+00   0.288493E+00   0.865480E-02   0.288518E+00   0.288518E+00
   0.111178E+00   0.283497E+00   0.850492E-02   0.283519E+00   0.283519E+00
   0.111592E+00   0.278643E+00   0.835928E-02   0.278661E+00   0.278661E+00
   0.112007E+00   0.273924E+00   0.821773E-02   0.273941E+00   0.273941E+00
   0.112422E+00   0.269338E+00   0.808013E-02   0.269351E+00   0.269351E+00
   0.112837E+00   0.264878E+00   0.794635E-02   0.264884E+00   0.264884E+00
   0.113251E+00   0.260542E+00   0.781626E-02   0.260550E+00   0.260550E+00
   0.113666E+00   0.256324E+00   0.768973E-02   0.256331E+00   0.256331E+00
   0.114081E+00   0.252221E+00   0.756664E-02   0.252225E+00   0.252225E+00
   0.114496E+00   0.248229E+00   0.744687E-02   0.248231E+00   0.248231E+00
   0.114910E+00   0.244344E+00   0.733032E-02   0.244344E+00   0.244344E+00
   0.115325E+00   0.240562E+00   0.721686E-02   0.240557E+00   0.240557E+00
   0.115740E+00   0.236880E+00   0.710640E-02   0.236877E+00   0.236877E+00
   0.116155E+00   0.233294E+00   0.699883E-02   0.233290E+00   0.233290E+00
   0.116569E+00   0.229802E+00   0.689405E-02   0.229794E+00   0.229794E+00
   0.116984E+00   0.226399E+00   0.679196E-02   0.226392E+00   0.226392E+00
   0.117399E+00   0.223083E+00   0.669248E-02   0.223074E+00   0.223074E+00
   0.117814E+00   0.219850E+00   0.659551E-02   0.219842E+00   0.219842E+00
   0.118228E+00   0.216699E+00   0.650097E-02   0.216690E+00   0.216690E+00
   0.118643E+00   0.213626E+00   0.640877E-02   0.213616E+00   0.213616E+00
   0.119058E+00   0.210628E+00   0.631884E-02   0.210618E+00   0.210618E+00
   0.119473E+00   0.207703E+00   0.623109E-02   0.207693E+00   0.207693E+00
   0.119887E+00   0.204848E+00   0.614545E-02   0.204829E+00   0.204829E+00
   0.120302E+00   0.202062E+00   0.606185E-02   0.202030E+00   0.202030E+00
   0.120717E+00   0.199340E+00   0.598021E-02   0.199309E+00   0.199309E+00
   0.121132E+00   0.196683E+00   0.590048E-02   0.196673E+00   0.196673E+00
   0.121546E+00   0.194086E+00   0.582258E-02   0.194077E+00   0.194077E+00
   0.121961E+00   0.191549E+00   0.574646E-02   0.191540E+00   0.191540E+00
   0.122376E+00   0.189068E+00   0.567205E-02   0.189060E+00   0.189060E+00
   0.122791E+00   0.186643E+00   0.559929E-02   0.186636E+00   0.186636E+00
   0.123206E+00   0.184271E+00   0.552813E-02   0.184264E+00   0.184264E+00
   0.123620E+00   0.181950E+00   0.545851E-02   0.181944E+00   0.181944E+00
   0.124035E+00   0.179679E+00   0.539038E-02   0.179677E+00   0.179677E+00
   0.124450E+00   0.177456E+00   0.532369E-02   0.177452E+00   0.177452E+00
   0.124865E+00   0.175280E+00   0.525840E-02   0.175277E+00   0.175277E+00
   0.125279E+00   0.173148E+00   0.519445E-02   0.173149E+00   0.173149E+00
   0.125694E+00   0.171060E+00   0.513180E-02   0.171058E+00   0.171058E+00
   0.126109E+00   0.169013E+00   0.507040E-02   0.169013E+00   0.169013E+00
   0.126524E+00   0.167007E+00   0.501022E-02   0.167007E+00   0.167007E+00
   0.126938E+00   0.165040E+00   0.495121E-02   0.165041E+00   0.165041E+00
   0.127353E+00   0.163111E+00   0.489334E-02   0.163113E+00   0.163113E+00
   0.127768E+00   0.161219E+00   0.483656E-02   0.161224E+00   0.161224E+00
   0.128183E+00   0.159362E+00   0.478085E-02   0.159365E+00   0.159365E+00
   0.128597E+00   0.157539E+00   0.472616E-02   0.157543E+00   0.157543E+00
   0.129012E+00   0.155749E+00   0.467247E-02   0.155754E+00   0.155754E+00
   0.129427E+00   0.153991E+00   0.461974E-02   0.153997E+00   0.153997E+00
   0.129842E+00   0.152265E+00   0.456794E-02   0.152271E+00   0.152271E+00
   0.130256E+00   0.150568E+00   0.451703E-02   0.150576E+00   0.150576E+00
   0.130671E+00   0.148900E+00   0.446700E-02   0.148907E+00   0.148907E+00
   0.131086E+00   0.147261E+00   0.441782E-02   0.147268E+00   0.147268E+00
   0.131501E+00   0.145648E+00   0.436945E-02   0.145655E+00   0.145655E+00
   0.131915E+00   0.144062E+00   0.432187E-02   0.144070E+00   0.144070E+00
   0.132330E+00   0.142502E+00   0.427507E-02   0.142511E+00   0.142511E+00
   0.132745E+00   0.140967E+00   0.422900E-02   0.140975E+00   0.140975E+00
   0.133160E+00   0.139455E+00   0.418366E-02   0.139464E+00   0.139464E+00
   0.133574E+00   0.137967E+00   0.413902E-02   0.137975E+00   0.137975E+00
   0.133989E+00   0.136502E+00   0.409505E-02   0.136510E+00   0.136510E+00
   0.134404E+00   0.135058E+00   0.405175E-02   0.135066E+00   0.135066E+00
   0.134819E+00   0.133636E+00   0.400909E-02   0.133643E+00   0.133643E+00
   0.135233E+00   0.132235E+00   0.396704E-02   0.132244E+00   0.132244E+00
   0.135648E+00   0.130853E+00   0.392560E-02   0.130898E+00   0.130898E+00
   0.136063E+00   0.129492E+00   0.388475E-02   0.129498E+00   0.129498E+00
   0.136478E+00   0.128149E+00   0.384446E-02   0.128155E+00   0.128155E+00
   0.136892E+00   0.126824E+00   0.380473E-02   0.126830E+00   0.126830E+00
   0.137307E+00   0.125518E+00   0.376554E-02   0.125523E+00   0.125523E+00
   0.137722E+00   0.124229E+00   0.372688E-02   0.124234E+00   0.124234E+00
   0.138137E+00   0.122957E+00   0.368872E-02   0.122962E+00   0.122962E+00
   0.138551E+00   0.121702E+00   0.365106E-02   0.121706E+00   0.121706E+00
   0.138966E+00   0.120463E+00   0.361389E-02   0.120466E+00   0.120466E+00
   0.139381E+00   0.119240E+00   0.357719E-02   0.119242E+00   0.119242E+00
   0.139796E+00   0.118032E+00   0.354095E-02   0.118034E+00   0.118034E+00
   0.140211E+00   0.116839E+00   0.350516E-02   0.116840E+00   0.116840E+00
   0.140625E+00   0.115660E+00   0.346981E-02   0.115661E+00   0.115661E+00
   0.141040E+00   0.114496E+00   0.343489E-02   0.114497E+00   0.114497E+00
   0.141455E+00   0.113346E+00   0.340038E-02   0.113347E+00   0.113347E+00
   0.141870E+00   0.112210E+00   0.336629E-02   0.112209E+00   0.112209E+00
   0.142284E+00   0.111087E+00   0.333260E-02   0.111085E+00   0.111085E+00
   0.142699E+00   0.109977E+00   0.329930E-02   0.109971E+00   0.109971E+00
   0.143114E+00   0.108879E+00   0.326638E-02   0.108872E+00   0.108872E+00
   0.143529E+00   0.107795E+00   0.323384E-02   0.107792E+00   0.107792E+00
   0.143943E+00   0.106722E+00   0.320166E-02   0.106719E+00   0.106719E+00
   0.144358E+00   0.105662E+00   0.316985E-02   0.105658E+00   0.105658E+00
   0.144773E+00   0.104613E+00   0.313839E-02   0.104609E+00   0.104609E+00
   0.145188E+00   0.103576E+00   0.310728E-02   0.103571E+00   0.103571E+00
   0.145602E+00   0.102550E+00   0.307651E-02   0.102545E+00   0.102545E+00
   0.146017E+00   0.101536E+00   0.304607E-02   0.101531E+00   0.101531E+00
   0.146432E+00   0.100532E+00   0.301596E-02   0.100527E+00   0.100527E+00
   0.146847E+00   0.995393E-01   0.298618E-02   0.995339E-01   0.995339E-01
   0.147261E+00   0.985571E-01   0.295671E-02   0.985516E-01   0.985516E-01
   0.147676E+00   0.975853E-01   0.292756E-02   0.975797E-01   0.975797E-01
   0.148091E+00   0.966238E-01   0.289871E-02   0.966182E-01   0.966182E-01
   0.148506E+00   0.956724E-01   0.287017E-02   0.956672E-01   0.956672E-01
   0.148920E+00   0.947309E-01   0.284193E-02   0.947252E-01   0.947252E-01
   0.149335E+00   0.937993E-01   0.281398E-02   0.937938E-01   0.937938E-01
   0.149750E+00   0.928773E-01   0.278632E-02   0.928716E-01   0.928716E-01
   0.150165E+00   0.919649E-01   0.275895E-02   0.919791E-01   0.919791E-01
   0.150579E+00   0.910619E-01   0.273186E-02   0.910574E-01   0.910574E-01
   0.150994E+00   0.901681E-01   0.270504E-02   0.901608E-01   0.901608E-01
   0.151409E+00   0.892836E-01   0.267851E-02   0.892789E-01   0.892789E-01
   0.151824E+00   0.884081E-01   0.265224E-02   0.884037E-01   0.884037E-01
   0.152238E+00   0.875415E-01   0.262624E-02   0.875373E-01   0.875373E-01
   0.152653E+00   0.866837E-01   0.260051E-02   0.866799E-01   0.866799E-01
   0.153068E+00   0.858347E-01   0.257504E-02   0.858313E-01   0.858313E-01
   0.153483E+00   0.849943E-01   0.254983E-02   0.849921E-01   0.849921E-01
   0.153897E+00   0.841624E-01   0.252487E-02   0.841597E-01   0.841597E-01
   0.154312E+00   0.833390E-01   0.250017E-02   0.833362E-01   0.833362E-01
   0.154727E+00   0.825239E-01   0.247572E-02   0.825218E-01   0.825218E-01
   0.155142E+00   0.817171E-01   0.245151E-02   0.817156E-01   0.817156E-01
   0.155556E+00   0.809184E-01   0.242755E-02   0.809193E-01   0.809193E-01
   0.155971E+00   0.801278E-01   0.240383E-02   0.801270E-01   0.801270E-01
   0.156386E+00   0.793452E-01   0.238036E-02   0.793453E-01   0.793453E-01
   0.156801E+00   0.785706E-01   0.235712E-02   0.785701E-01   0.785701E-01
   0.157216E+00   0.778037E-01   0.233411E-02   0.778038E-01   0.778038E-01
   0.157630E+00   0.770447E-01   0.231134E-02   0.770451E-01   0.770451E-01
   0.158045E+00   0.762933E-01   0.228880E-02   0.762938E-01   0.762938E-01
   0.158460E+00   0.755495E-01   0.226649E-02   0.755508E-01   0.755508E-01
   0.158875E+00   0.748133E-01   0.224440E-02   0.748148E-01   0.748148E-01
   0.159289E+00   0.740845E-01   0.222254E-02   0.740864E-01   0.740864E-01
   0.159704E+00   0.733631E-01   0.220089E-02   0.733653E-01   0.733653E-01
   0.160119E+00   0.726491E-01   0.217947E-02   0.726514E-01   0.726514E-01
   0.160534E+00   0.719423E-01   0.215827E-02   0.719457E-01   0.719457E-01
   0.160948E+00   0.712427E-01   0.213728E-02   0.712452E-01   0.712452E-01
   0.161363E+00   0.705502E-01   0.211651E-02   0.705529E-01   0.705529E-01
   0.161778E+00   0.698648E-01   0.209594E-02   0.698693E-01   0.698693E-01
   0.162193E+00   0.691863E-01   0.207559E-02   0.691893E-01   0.691893E-01
   0.162607E+00   0.685148E-01   0.205544E-02   0.685178E-01   0.685178E-01
   0.163022E+00   0.678502E-01   0.203550E-02   0.678535E-01   0.678535E-01
   0.163437E+00   0.671923E-01   0.201577E-02   0.671955E-01   0.671955E-01
   0.163852E+00   0.665412E-01   0.199624E-02   0.665441E-01   0.665441E-01
   0.164266E+00   0.658967E-01   0.197690E-02   0.658997E-01   0.658997E-01
   0.164681E+00   0.652589E-01   0.195777E-02   0.652617E-01   0.652617E-01
   0.165096E+00   0.646275E-01   0.193883E-02   0.646571E-01   0.646571E-01
   0.165511E+00   0.640027E-01   0.192008E-02   0.639961E-01   0.639961E-01
   0.165925E+00   0.633843E-01   0.190153E-02   0.633713E-01   0.633713E-01
   0.166340E+00   0.627723E-01   0.188317E-02   0.627748E-01   0.627748E-01
   0.166755E+00   0.621666E-01   0.186500E-02   0.621689E-01   0.621689E-01
   0.167170E+00   0.615671E-01   0.184701E-02   0.615697E-01   0.615697E-01
   0.167584E+00   0.609738E-01   0.182921E-02   0.609759E-01   0.609759E-01
   0.167999E+00   0.603866E-01   0.181160E-02   0.603885E-01   0.603885E-01
   0.168414E+00   0.598055E-01   0.179417E-02   0.598078E-01   0.598078E-01
   0.168829E+00   0.592304E-01   0.177691E-02   0.592319E-01   0.592319E-01
   0.169243E+00   0.586613E-01   0.175984E-02   0.586622E-01   0.586622E-01
   0.169658E+00   0.580981E-01   0.174294E-02   0.580992E-01   0.580992E-01
   0.170073E+00   0.575407E-01   0.172622E-02   0.575415E-01   0.575415E-01
   0.170488E+00   0.569891E-01   0.170967E-02   0.569886E-01   0.569886E-01
   0.170902E+00   0.564432E-01   0.169330E-02   0.564438E-01   0.564438E-01
   0.171317E+00   0.559030E-01   0.167709E-02   0.559032E-01   0.559032E-01
   0.171732E+00   0.553685E-01   0.166105E-02   0.553683E-01   0.553683E-01
   0.172147E+00   0.548395E-01   0.164518E-02   0.548391E-01   0.548391E-01
   0.172561E+00   0.543160E-01   0.162948E-02   0.543155E-01   0.543155E-01
   0.172976E+00   0.537980E-01   0.161394E-02   0.537947E-01   0.537947E-01
   0.173391E+00   0.532854E-01   0.159856E-02   0.532845E-01   0.532845E-01
   0.173806E+00   0.527781E-01   0.158334E-02   0.527770E-01   0.527770E-01
   0.174221E+00   0.522762E-01   0.156829E-02   0.522750E-01   0.522750E-01
   0.174635E+00   0.517795E-01   0.155339E-02   0.517783E-01   0.517783E-01
   0.175050E+00   0.512880E-01   0.153864E-02   0.512865E-01   0.512865E-01
   0.175465E+00   0.508017E-01   0.152405E-02   0.507994E-01   0.507994E-01
   0.175880E+00   0.503205E-01   0.150962E-02   0.503188E-01   0.503188E-01
   0.176294E+00   0.498444E-01   0.149533E-02   0.498424E-01   0.498424E-01
   0.176709E+00   0.493733E-01   0.148120E-02   0.493712E-01   0.493712E-01
   0.177124E+00   0.489071E-01   0.146721E-02   0.489054E-01   0.489054E-01
   0.177539E+00   0.484458E-01   0.145337E-02   0.484438E-01   0.484438E-01
   0.177953E+00   0.479894E-01   0.143968E-02   0.479874E-01   0.479874E-01
   0.178368E+00   0.475379E-01   0.142614E-02   0.475357E-01   0.475357E-01
   0.178783E+00   0.470911E-01   0.141273E-02   0.470891E-01   0.470891E-01
   0.179198E+00   0.466491E-01   0.139947E-02   0.466470E-01   0.466470E-01
   0.179612E+00   0.462117E-01   0.138635E-02   0.462096E-01   0.462096E-01
   0.180027E+00   0.457790E-01   0.137337E-02   0.457668E-01   0.457668E-01
   0.180442E+00   0.453508E-01   0.136053E-02   0.453421E-01   0.453421E-01
   0.180857E+00   0.449273E-01   0.134782E-02   0.449510E-01   0.449510E-01
   0.181271E+00   0.445082E-01   0.133525E-02   0.445062E-01   0.445062E-01
   0.181686E+00   0.440936E-01   0.132281E-02   0.440921E-01   0.440921E-01
   0.182101E+00   0.436834E-01   0.131050E-02   0.436820E-01   0.436820E-01
   0.182516E+00   0.432777E-01   0.129833E-02   0.432763E-01   0.432763E-01
   0.182930E+00   0.428762E-01   0.128629E-02   0.428747E-01   0.428747E-01
   0.183345E+00   0.424791E-01   0.127437E-02   0.424780E-01   0.424780E-01
   0.183760E+00   0.420862E-01   0.126259E-02   0.420853E-01   0.420853E-01
   0.184175E+00   0.416975E-01   0.125092E-02   0.416983E-01   0.416983E-01
   0.184589E+00   0.413130E-01   0.123939E-02   0.413124E-01   0.413124E-01
   0.185004E+00   0.409326E-01   0.122798E-02   0.409321E-01   0.409321E-01
   0.185419E+00   0.405564E-01   0.121669E-02   0.405567E-01   0.405567E-01
   0.185834E+00   0.401842E-01   0.120552E-02   0.401840E-01   0.401840E-01
   0.186248E+00   0.398160E-01   0.119448E-02   0.398159E-01   0.398159E-01
   0.186663E+00   0.394517E-01   0.118355E-02   0.394518E-01   0.394518E-01
   0.187078E+00   0.390915E-01   0.117274E-02   0.390917E-01   0.390917E-01
   0.187493E+00   0.387351E-01   0.116205E-02   0.387355E-01   0.387355E-01
   0.187907E+00   0.383826E-01   0.115148E-02   0.383824E-01   0.383824E-01
   0.188322E+00   0.380339E-01   0.114102E-02   0.380321E-01   0.380321E-01
   0.188737E+00   0.376889E-01   0.113067E-02   0.376898E-01   0.376898E-01
   0.189152E+00   0.373478E-01   0.112043E-02   0.373492E-01   0.373492E-01
   0.189566E+00   0.370103E-01   0.111031E-02   0.370113E-01   0.370113E-01
   0.189981E+00   0.366765E-01   0.110029E-02   0.366775E-01   0.366775E-01
   0.190396E+00   0.363463E-01   0.109039E-02   0.363505E-01   0.363505E-01
   0.190811E+00   0.360197E-01   0.108059E-02   0.360210E-01   0.360210E-01
   0.191226E+00   0.356967E-01   0.107090E-02   0.356980E-01   0.356980E-01
   0.191640E+00   0.353772E-01   0.106132E-02   0.353779E-01   0.353779E-01
   0.192055E+00   0.350612E-01   0.105183E-02   0.350626E-01   0.350626E-01
   0.192470E+00   0.347486E-01   0.104246E-02   0.347507E-01   0.347507E-01
   0.192885E+00   0.344394E-01   0.103318E-02   0.344409E-01   0.344409E-01
   0.193299E+00   0.341336E-01   0.102401E-02   0.341351E-01   0.341351E-01
   0.193714E+00   0.338311E-01   0.101493E-02   0.338331E-01   0.338331E-01
   0.194129E+00   0.335319E-01   0.100596E-02   0.335334E-01   0.335334E-01
   0.194544E+00   0.332360E-01   0.997080E-03   0.332375E-01   0.332375E-01
   0.194958E+00   0.329433E-01   0.988299E-03   0.329325E-01   0.329325E-01
   0.195373E+00   0.326538E-01   0.979614E-03   0.326530E-01   0.326530E-01
   0.195788E+00   0.323674E-01   0.971023E-03   0.323669E-01   0.323669E-01
   0.196203E+00   0.320842E-01   0.962525E-03   0.320817E-01   0.320817E-01
   0.196617E+00   0.318040E-01   0.954120E-03   0.318053E-01   0.318053E-01
   0.197032E+00   0.315269E-01   0.945806E-03   0.315282E-01   0.315282E-01
   0.197447E+00   0.312528E-01   0.937583E-03   0.312540E-01   0.312540E-01
   0.197862E+00   0.309816E-01   0.929449E-03   0.309828E-01   0.309828E-01
   0.198276E+00   0.307134E-01   0.921402E-03   0.307145E-01   0.307145E-01
   0.198691E+00   0.304481E-01   0.913443E-03   0.304491E-01   0.304491E-01
   0.199106E+00   0.301857E-01   0.905570E-03   0.301867E-01   0.301867E-01
   0.199521E+00   0.299261E-01   0.897783E-03   0.299269E-01   0.299269E-01
   0.199935E+00   0.296693E-01   0.890079E-03   0.296699E-01   0.296699E-01
   0.200350E+00   0.294153E-01   0.882458E-03   0.294151E-01   0.294151E-01
   0.200765E+00   0.291640E-01   0.874919E-03   0.291634E-01   0.291634E-01
   0.201180E+00   0.289154E-01   0.867461E-03   0.289158E-01   0.289158E-01
   0.201594E+00   0.286694E-01   0.860083E-03   0.286698E-01   0.286698E-01
   0.202009E+00   0.284261E-01   0.852784E-03   0.284264E-01   0.284264E-01
   0.202424E+00   0.281854E-01   0.845563E-03   0.281860E-01   0.281860E-01
   0.202839E+00   0.279473E-01   0.838420E-03   0.279527E-01   0.279527E-01
   0.203253E+00   0.277117E-01   0.831352E-03   0.277155E-01   0.277155E-01
   0.203668E+00   0.274787E-01   0.824360E-03   0.274787E-01   0.274787E-01
   0.204083E+00   0.272481E-01   0.817442E-03   0.272485E-01   0.272485E-01
   0.204498E+00   0.270199E-01   0.810597E-03   0.270204E-01   0.270204E-01
   0.204912E+00   0.267942E-01   0.803825E-03   0.267939E-01   0.267939E-01
   0.205327E+00   0.265708E-01   0.797124E-03   0.265705E-01   0.265705E-01
   0.205742E+00   0.263498E-01   0.790494E-03   0.263502E-01   0.263502E-01
   0.206157E+00   0.261311E-01   0.783933E-03   0.261308E-01   0.261308E-01
   0.206571E+00   0.259147E-01   0.777442E-03   0.259144E-01   0.259144E-01
   0.206986E+00   0.257006E-01   0.771018E-03   0.256997E-01   0.256997E-01
   0.207401E+00   0.254887E-01   0.764662E-03   0.254885E-01   0.254885E-01
   0.207816E+00   0.252791E-01   0.758372E-03   0.252789E-01   0.252789E-01
   0.208231E+00   0.250716E-01   0.752147E-03   0.250711E-01   0.250711E-01
   0.208645E+00   0.248662E-01   0.745987E-03   0.248660E-01   0.248660E-01
   0.209060E+00   0.246631E-01   0.739892E-03   0.246627E-01   0.246627E-01
   0.209475E+00   0.244620E-01   0.733859E-03   0.244614E-01   0.244614E-01
   0.209890E+00   0.242629E-01   0.727888E-03   0.242598E-01   0.242598E-01
   0.210304E+00   0.240660E-01   0.721979E-03   0.240605E-01   0.240605E-01
   0.210719E+00   0.238710E-01   0.716131E-03   0.238676E-01   0.238676E-01
   0.211134E+00   0.236781E-01   0.710343E-03   0.236705E-01   0.236705E-01
   0.211549E+00   0.234871E-01   0.704614E-03   0.234868E-01   0.234868E-01
   0.211963E+00   0.232981E-01   0.698944E-03   0.232979E-01   0.232979E-01
   0.212378E+00   0.231111E-01   0.693332E-03   0.231109E-01   0.231109E-01
   0.212793E+00   0.229259E-01   0.687777E-03   0.229260E-01   0.229260E-01
   0.213208E+00   0.227426E-01   0.682279E-03   0.227423E-01   0.227423E-01
   0.213622E+00   0.225612E-01   0.676836E-03   0.225611E-01   0.225611E-01
   0.214037E+00   0.223816E-01   0.671449E-03   0.223816E-01   0.223816E-01
   0.214452E+00   0.222039E-01   0.666116E-03   0.222050E-01   0.222050E-01
   0.214867E+00   0.220279E-01   0.660837E-03   0.220280E-01   0.220280E-01
   0.215281E+00   0.218537E-01   0.655611E-03   0.218538E-01   0.218538E-01
   0.215696E+00   0.216813E-01   0.650438E-03   0.216810E-01   0.216810E-01
   0.216111E+00   0.215106E-01   0.645317E-03   0.215107E-01   0.215107E-01
   0.216526E+00   0.213416E-01   0.640248E-03   0.213424E-01   0.213424E-01
   0.216940E+00   0.211743E-01   0.635229E-03   0.211744E-01   0.211744E-01
   0.217355E+00   0.210087E-01   0.630260E-03   0.210090E-01   0.210090E-01
   0.217770E+00   0.208447E-01   0.625342E-03   0.208435E-01   0.208435E-01
   0.218185E+00   0.206824E-01   0.620472E-03   0.206822E-01   0.206822E-01
   0.218599E+00   0.205217E-01   0.615651E-03   0.205221E-01   0.205221E-01
   0.219014E+00   0.203626E-01   0.610877E-03   0.203628E-01   0.203628E-01
   0.219429E+00   0.202050E-01   0.606151E-03   0.202055E-01   0.202055E-01
   0.219844E+00   0.200491E-01   0.601473E-03   0.200495E-01   0.200495E-01
   0.220258E+00   0.198947E-01   0.596840E-03   0.198951E-01   0.198951E-01
   0.220673E+00   0.197418E-01   0.592253E-03   0.197421E-01   0.197421E-01
   0.221088E+00   0.195904E-01   0.587712E-03   0.195909E-01   0.195909E-01
   0.221503E+00   0.194405E-01   0.583215E-03   0.194409E-01   0.194409E-01
   0.221917E+00   0.192921E-01   0.578763E-03   0.192924E-01   0.192924E-01
   0.222332E+00   0.191452E-01   0.574355E-03   0.191457E-01   0.191457E-01
   0.222747E+00   0.189996E-01   0.569989E-03   0.189995E-01   0.189995E-01
   0.223162E+00   0.188556E-01   0.565667E-03   0.188560E-01   0.188560E-01
   0.223576E+00   0.187129E-01   0.561387E-03   0.187130E-01   0.187130E-01
   0.223991E+00   0.185716E-01   0.557149E-03   0.185719E-01   0.185719E-01
   0.224406E+00   0.184317E-01   0.552952E-03   0.184320E-01   0.184320E-01
   0.224821E+00   0.182932E-01   0.548796E-03   0.182930E-01   0.182930E-01
   0.225236E+00   0.181560E-01   0.544681E-03   0.181635E-01   0.181635E-01
   0.225650E+00   0.180202E-01   0.540606E-03   0.180153E-01   0.180153E-01
   0.226065E+00   0.178857E-01   0.536570E-03   0.179013E-01   0.179013E-01
   0.226480E+00   0.177524E-01   0.532573E-03   0.177521E-01   0.177521E-01
   0.226895E+00   0.176205E-01   0.528615E-03   0.176205E-01   0.176205E-01
   0.227309E+00   0.174898E-01   0.524695E-03   0.174897E-01   0.174897E-01
   0.227724E+00   0.173604E-01   0.520813E-03   0.173604E-01   0.173604E-01
   0.228139E+00   0.172323E-01   0.516968E-03   0.172320E-01   0.172320E-01
   0.228554E+00   0.171053E-01   0.513160E-03   0.171056E-01   0.171056E-01
   0.228968E+00   0.169796E-01   0.509389E-03   0.169793E-01   0.169793E-01
   0.229383E+00   0.168551E-01   0.505653E-03   0.168545E-01   0.168545E-01
   0.229798E+00   0.167318E-01   0.501953E-03   0.167314E-01   0.167314E-01
   0.230213E+00   0.166096E-01   0.498288E-03   0.166090E-01   0.166090E-01
   0.230627E+00   0.164886E-01   0.494658E-03   0.164877E-01   0.164877E-01
   0.231042E+00   0.163688E-01   0.491063E-03   0.163682E-01   0.163682E-01
   0.231457E+00   0.162500E-01   0.487501E-03   0.162496E-01   0.162496E-01
   0.231872E+00   0.161324E-01   0.483973E-03   0.161318E-01   0.161318E-01
   0.232286E+00   0.160159E-01   0.480478E-03   0.160153E-01   0.160153E-01
   0.232701E+00   0.159005E-01   0.477016E-03   0.158997E-01   0.158997E-01
   0.233116E+00   0.157862E-01   0.473586E-03   0.157846E-01   0.157846E-01
   0.233531E+00   0.156729E-01   0.470188E-03   0.156715E-01   0.156715E-01
   0.233945E+00   0.155607E-01   0.466821E-03   0.155600E-01   0.155600E-01
   0.234360E+00   0.154495E-01   0.463486E-03   0.154488E-01   0.154488E-01
   0.234775E+00   0.153394E-01   0.460182E-03   0.153384E-01   0.153384E-01
   0.235190E+00   0.152303E-01   0.456908E-03   0.152294E-01   0.152294E-01
   0.235604E+00   0.151221E-01   0.453664E-03   0.151211E-01   0.151211E-01
   0.236019E+00   0.150150E-01   0.450450E-03   0.150141E-01   0.150141E-01
   0.236434E+00   0.149088E-01   0.447265E-03   0.149081E-01   0.149081E-01
   0.236849E+00   0.148036E-01   0.444109E-03   0.148030E-01   0.148030E-01
   0.237263E+00   0.146994E-01   0.440982E-03   0.146985E-01   0.146985E-01
   0.237678E+00   0.145961E-01   0.437883E-03   0.145952E-01   0.145952E-01
   0.238093E+00   0.144937E-01   0.434812E-03   0.144932E-01   0.144932E-01
   0.238508E+00   0.143923E-01   0.431769E-03   0.143915E-01   0.143915E-01
   0.238922E+00   0.142918E-01   0.428753E-03   0.142909E-01   0.142909E-01
   0.239337E+00   0.141921E-01   0.425764E-03   0.141914E-01   0.141914E-01
   0.239752E+00   0.140934E-01   0.422801E-03   0.140924E-01   0.140924E-01
   0.240167E+00   0.139955E-01   0.419865E-03   0.140156E-01   0.140156E-01
   0.240581E+00   0.138985E-01   0.416955E-03   0.138948E-01   0.138948E-01
   0.240996E+00   0.138024E-01   0.414071E-03   0.137968E-01   0.137968E-01
   0.241411E+00   0.137070E-01   0.411211E-03   0.137008E-01   0.137008E-01
   0.241826E+00   0.136126E-01   0.408377E-03   0.136120E-01   0.136120E-01
   0.242241E+00   0.135189E-01   0.405568E-03   0.135184E-01   0.135184E-01
   0.242655E+00   0.134261E-01   0.402783E-03   0.134257E-01   0.134257E-01
   0.243070E+00   0.133341E-01   0.400023E-03   0.133334E-01   0.133334E-01
   0.243485E+00   0.132429E-01   0.397286E-03   0.132426E-01   0.132426E-01
   0.243900E+00   0.131525E-01   0.394574E-03   0.131522E-01   0.131522E-01
   0.244314E+00   0.130628E-01   0.391884E-03   0.130635E-01   0.130635E-01
   0.244729E+00   0.129739E-01   0.389218E-03   0.129739E-01   0.129739E-01
   0.245144E+00   0.128858E-01   0.386574E-03   0.128857E-01   0.128857E-01
   0.245559E+00   0.127985E-01   0.383954E-03   0.127983E-01   0.127983E-01
   0.245973E+00   0.127118E-01   0.381355E-03   0.127117E-01   0.127117E-01
   0.246388E+00   0.126260E-01   0.378779E-03   0.126260E-01   0.126260E-01
   0.246803E+00   0.125408E-01   0.376224E-03   0.125415E-01   0.125415E-01
   0.247218E+00   0.124564E-01   0.373692E-03   0.124562E-01   0.124562E-01
   0.247632E+00   0.123727E-01   0.371181E-03   0.123727E-01   0.123727E-01
   0.248047E+00   0.122897E-01   0.368690E-03   0.122899E-01   0.122899E-01
   0.248462E+00   0.122074E-01   0.366221E-03   0.122126E-01   0.122126E-01
   0.248877E+00   0.121258E-01   0.363773E-03   0.121259E-01   0.121259E-01
   0.249291E+00   0.120448E-01   0.361345E-03   0.120450E-01   0.120450E-01
   0.249706E+00   0.119646E-01   0.358938E-03   0.119646E-01   0.119646E-01
   0.250121E+00   0.118850E-01   0.356551E-03   0.118852E-01   0.118852E-01
   0.250536E+00   0.118061E-01   0.354183E-03   0.118079E-01   0.118079E-01
   0.250950E+00   0.117279E-01   0.351836E-03   0.117273E-01   0.117273E-01
   0.251365E+00   0.116503E-01   0.349508E-03   0.116504E-01   0.116504E-01
   0.251780E+00   0.115733E-01   0.347199E-03   0.115727E-01   0.115727E-01
   0.252195E+00   0.114970E-01   0.344910E-03   0.114971E-01   0.114971E-01
   0.252609E+00   0.114213E-01   0.342639E-03   0.114219E-01   0.114219E-01
   0.253024E+00   0.113463E-01   0.340388E-03   0.113465E-01   0.113465E-01
   0.253439E+00   0.112718E-01   0.338155E-03   0.112720E-01   0.112720E-01
   0.253854E+00   0.111980E-01   0.335940E-03   0.111981E-01   0.111981E-01
   0.254268E+00   0.111248E-01   0.333744E-03   0.111250E-01   0.111250E-01
   0.254683E+00   0.110522E-01   0.331565E-03   0.110522E-01   0.110522E-01
   0.255098E+00   0.109802E-01   0.329405E-03   0.109848E-01   0.109848E-01
   0.255513E+00   0.109088E-01   0.327263E-03   0.109074E-01   0.109074E-01
   0.255927E+00   0.108379E-01   0.325138E-03   0.108358E-01   0.108358E-01
   0.256342E+00   0.107677E-01   0.323030E-03   0.107696E-01   0.107696E-01
   0.256757E+00   0.106980E-01   0.320940E-03   0.106979E-01   0.106979E-01
   0.257172E+00   0.106289E-01   0.318867E-03   0.106289E-01   0.106289E-01
   0.257586E+00   0.105603E-01   0.316810E-03   0.105601E-01   0.105601E-01
   0.258001E+00   0.104924E-01   0.314771E-03   0.104922E-01   0.104922E-01
   0.258416E+00   0.104249E-01   0.312748E-03   0.104247E-01   0.104247E-01
   0.258831E+00   0.103581E-01   0.310742E-03   0.103585E-01   0.103585E-01
   0.259246E+00   0.102917E-01   0.308752E-03   0.102914E-01   0.102914E-01
   0.259660E+00   0.102259E-01   0.306778E-03   0.102250E-01   0.102250E-01
   0.260075E+00   0.101607E-01   0.304820E-03   0.101603E-01   0.101603E-01
   0.260490E+00   0.100959E-01   0.302878E-03   0.100942E-01   0.100942E-01
   0.260905E+00   0.100317E-01   0.300952E-03   0.100330E-01   0.100330E-01
   0.261319E+00   0.996803E-02   0.299041E-03   0.996768E-02   0.996768E-02
   0.261734E+00   0.990485E-02   0.297145E-03   0.990429E-02   0.990429E-02
   0.262149E+00   0.984218E-02   0.295265E-03   0.984170E-02   0.984170E-02
   0.262564E+00   0.978001E-02   0.293400E-03   0.977955E-02   0.977955E-02
   0.262978E+00   0.971834E-02   0.291550E-03   0.972098E-02   0.972098E-02
   0.263393E+00   0.965717E-02   0.289715E-03   0.965678E-02   0.965678E-02
   0.263808E+00   0.959648E-02   0.287894E-03   0.959600E-02   0.959600E-02
   0.264223E+00   0.953628E-02   0.286088E-03   0.953604E-02   0.953604E-02
   0.264637E+00   0.947656E-02   0.284297E-03   0.947654E-02   0.947654E-02
   0.265052E+00   0.941731E-02   0.282519E-03   0.941710E-02   0.941710E-02
   0.265467E+00   0.935853E-02   0.280756E-03   0.935785E-02   0.935785E-02
   0.265882E+00   0.930022E-02   0.279007E-03   0.929971E-02   0.929971E-02
   0.266296E+00   0.924237E-02   0.277271E-03   0.924213E-02   0.924213E-02
   0.266711E+00   0.918497E-02   0.275549E-03   0.918476E-02   0.918476E-02
   0.267126E+00   0.912803E-02   0.273841E-03   0.912839E-02   0.912839E-02
   0.267541E+00   0.907153E-02   0.272146E-03   0.907121E-02   0.907121E-02
   0.267955E+00   0.901547E-02   0.270464E-03   0.901511E-02   0.901511E-02
   0.268370E+00   0.895985E-02   0.268796E-03   0.895928E-02   0.895928E-02
   0.268785E+00   0.890466E-02   0.267140E-03   0.890430E-02   0.890430E-02
   0.269200E+00   0.884991E-02   0.265497E-03   0.884990E-02   0.884990E-02
   0.269614E+00   0.879557E-02   0.263867E-03   0.879539E-02   0.879539E-02
   0.270029E+00   0.874166E-02   0.262250E-03   0.872921E-02   0.872921E-02
   0.270444E+00   0.868816E-02   0.260645E-03   0.868983E-02   0.868983E-02
   0.270859E+00   0.863507E-02   0.259052E-03   0.863287E-02   0.863287E-02
   0.271273E+00   0.858239E-02   0.257472E-03   0.859092E-02   0.859092E-02
   0.271688E+00   0.853011E-02   0.255903E-03   0.852981E-02   0.852981E-02
   0.272103E+00   0.847823E-02   0.254347E-03   0.847838E-02   0.847838E-02
   0.272518E+00   0.842674E-02   0.252802E-03   0.842690E-02   0.842690E-02
   0.272932E+00   0.837565E-02   0.251269E-03   0.837590E-02   0.837590E-02
   0.273347E+00   0.832494E-02   0.249748E-03   0.832542E-02   0.832542E-02
   0.273762E+00   0.827461E-02   0.248238E-03   0.827487E-02   0.827487E-02
   0.274177E+00   0.822466E-02   0.246740E-03   0.822501E-02   0.822501E-02
   0.274591E+00   0.817509E-02   0.245253E-03   0.817575E-02   0.817575E-02
   0.275006E+00   0.812589E-02   0.243777E-03   0.812637E-02   0.812637E-02
   0.275421E+00   0.807705E-02   0.242312E-03   0.807766E-02   0.807766E-02
   0.275836E+00   0.802858E-02   0.240857E-03   0.802909E-02   0.802909E-02
   0.276251E+00   0.798047E-02   0.239414E-03   0.798110E-02   0.798110E-02
   0.276665E+00   0.793272E-02   0.237981E-03   0.793384E-02   0.793384E-02
   0.277080E+00   0.788531E-02   0.236559E-03   0.788602E-02   0.788602E-02
   0.277495E+00   0.783826E-02   0.235148E-03   0.783904E-02   0.783904E-02
   0.277910E+00   0.779156E-02   0.233747E-03   0.778937E-02   0.778937E-02
   0.278324E+00   0.774519E-02   0.232356E-03   0.774544E-02   0.774544E-02
   0.278739E+00   0.769917E-02   0.230975E-03   0.769992E-02   0.769992E-02
   0.279154E+00   0.765349E-02   0.229605E-03   0.765427E-02   0.765427E-02
   0.279569E+00   0.760813E-02   0.228244E-03   0.760901E-02   0.760901E-02
   0.279983E+00   0.756311E-02   0.226893E-03   0.756399E-02   0.756399E-02
   0.280398E+00   0.751842E-02   0.225553E-03   0.751915E-02   0.751915E-02
   0.280813E+00   0.747405E-02   0.224221E-03   0.747467E-02   0.747467E-02
   0.281228E+00   0.743000E-02   0.222900E-03   0.743096E-02   0.743096E-02
   0.281642E+00   0.738627E-02   0.221588E-03   0.738726E-02   0.738726E-02
   0.282057E+00   0.734286E-02   0.220286E-03   0.734358E-02   0.734358E-02
   0.282472E+00   0.729977E-02   0.218993E-03   0.730059E-02   0.730059E-02
   0.282887E+00   0.725698E-02   0.217709E-03   0.725785E-02   0.725785E-02
   0.283301E+00   0.721450E-02   0.216435E-03   0.721525E-02   0.721525E-02
   0.283716E+00   0.717233E-02   0.215170E-03   0.717312E-02   0.717312E-02
   0.284131E+00   0.713046E-02   0.213914E-03   0.713121E-02   0.713121E-02
   0.284546E+00   0.708889E-02   0.212667E-03   0.708959E-02   0.708959E-02
   0.284960E+00   0.704762E-02   0.211429E-03   0.704295E-02   0.704295E-02
   0.285375E+00   0.700665E-02   0.210200E-03   0.700540E-02   0.700540E-02
   0.285790E+00   0.696597E-02   0.208979E-03   0.696391E-02   0.696391E-02
   0.286205E+00   0.692559E-02   0.207768E-03   0.692296E-02   0.692296E-02
   0.286619E+00   0.688549E-02   0.206565E-03   0.687824E-02   0.687824E-02
   0.287034E+00   0.684568E-02   0.205370E-03   0.684619E-02   0.684619E-02
   0.287449E+00   0.680615E-02   0.204185E-03   0.680668E-02   0.680668E-02
   0.287864E+00   0.676691E-02   0.203007E-03   0.676769E-02   0.676769E-02
   0.288278E+00   0.672795E-02   0.201838E-03   0.672838E-02   0.672838E-02
   0.288693E+00   0.668926E-02   0.200678E-03   0.669015E-02   0.669015E-02
   0.289108E+00   0.665085E-02   0.199526E-03   0.665128E-02   0.665128E-02
   0.289523E+00   0.661272E-02   0.198382E-03   0.661297E-02   0.661297E-02
   0.289937E+00   0.657486E-02   0.197246E-03   0.657513E-02   0.657513E-02
   0.290352E+00   0.653727E-02   0.196118E-03   0.653752E-02   0.653752E-02
   0.290767E+00   0.649994E-02   0.194998E-03   0.650001E-02   0.650001E-02
   0.291182E+00   0.646289E-02   0.193887E-03   0.646306E-02   0.646306E-02
   0.291596E+00   0.642609E-02   0.192783E-03   0.642624E-02   0.642624E-02
   0.292011E+00   0.638956E-02   0.191687E-03   0.638979E-02   0.638979E-02
   0.292426E+00   0.635329E-02   0.190599E-03   0.635340E-02   0.635340E-02
   0.292841E+00   0.631728E-02   0.189518E-03   0.631728E-02   0.631728E-02
   0.293256E+00   0.628152E-02   0.188446E-03   0.628115E-02   0.628115E-02
   0.293670E+00   0.624601E-02   0.187380E-03   0.624772E-02   0.624772E-02
   0.294085E+00   0.621076E-02   0.186323E-03   0.621092E-02   0.621092E-02
   0.294500E+00   0.617576E-02   0.185273E-03   0.617562E-02   0.617562E-02
   0.294915E+00   0.614101E-02   0.184230E-03   0.614088E-02   0.614088E-02
   0.295329E+00   0.610650E-02   0.183195E-03   0.610641E-02   0.610641E-02
   0.295744E+00   0.607224E-02   0.182167E-03   0.607189E-02   0.607189E-02
   0.296159E+00   0.603821E-02   0.181146E-03   0.603808E-02   0.603808E-02
   0.296574E+00   0.600443E-02   0.180133E-03   0.600427E-02   0.600427E-02
   0.296988E+00   0.597089E-02   0.179127E-03   0.597059E-02   0.597059E-02
   0.297403E+00   0.593758E-02   0.178127E-03   0.593729E-02   0.593729E-02
   0.297818E+00   0.590451E-02   0.177135E-03   0.590423E-02   0.590423E-02
   0.298233E+00   0.587167E-02   0.176150E-03   0.587177E-02   0.587177E-02
   0.298647E+00   0.583906E-02   0.175172E-03   0.583890E-02   0.583890E-02
   0.299062E+00   0.580667E-02   0.174200E-03   0.580628E-02   0.580628E-02
   0.299477E+00   0.577452E-02   0.173236E-03   0.577424E-02   0.577424E-02
   0.299892E+00   0.574259E-02   0.172278E-03   0.574135E-02   0.574135E-02
   0.300306E+00   0.571088E-02   0.171326E-03   0.571253E-02   0.571253E-02
   0.300721E+00   0.567939E-02   0.170382E-03   0.567752E-02   0.567752E-02
   0.301136E+00   0.564812E-02   0.169443E-03   0.564802E-02   0.564802E-02
   0.301551E+00   0.561706E-02   0.168512E-03   0.562624E-02   0.562624E-02
   0.301965E+00   0.558622E-02   0.167587E-03   0.558586E-02   0.558586E-02
   0.302380E+00   0.555559E-02   0.166668E-03   0.555531E-02   0.555531E-02
   0.302795E+00   0.552518E-02   0.165755E-03   0.552496E-02   0.552496E-02
   0.303210E+00   0.549497E-02   0.164849E-03   0.549447E-02   0.549447E-02
   0.303624E+00   0.546497E-02   0.163949E-03   0.546472E-02   0.546472E-02
   0.304039E+00   0.543517E-02   0.163055E-03   0.543485E-02   0.543485E-02
   0.304454E+00   0.540558E-02   0.162167E-03   0.540576E-02   0.540576E-02
   0.304869E+00   0.537619E-02   0.161286E-03   0.537579E-02   0.537579E-02
   0.305283E+00   0.534699E-02   0.160410E-03   0.534681E-02   0.534681E-02
   0.305698E+00   0.531800E-02   0.159540E-03   0.531759E-02   0.531759E-02
   0.306113E+00   0.528920E-02   0.158676E-03   0.528822E-02   0.528822E-02
   0.306528E+00   0.526059E-02   0.157818E-03   0.526029E-02   0.526029E-02
   0.306942E+00   0.523218E-02   0.156965E-03   0.523174E-02   0.523174E-02
   0.307357E+00   0.520396E-02   0.156119E-03   0.520362E-02   0.520362E-02
   0.307772E+00   0.517593E-02   0.155278E-03   0.517556E-02   0.517556E-02
   0.308187E+00   0.514808E-02   0.154442E-03   0.514835E-02   0.514835E-02
   0.308602E+00   0.512042E-02   0.153613E-03   0.511984E-02   0.511984E-02
   0.309016E+00   0.509294E-02   0.152788E-03   0.509262E-02   0.509262E-02
   0.309431E+00   0.506564E-02   0.151969E-03   0.506524E-02   0.506524E-02
   0.309846E+00   0.503853E-02   0.151156E-03   0.503809E-02   0.503809E-02
   0.310261E+00   0.501159E-02   0.150348E-03   0.501119E-02   0.501119E-02
   0.310675E+00   0.498483E-02   0.149545E-03   0.498489E-02   0.498489E-02
   0.311090E+00   0.495825E-02   0.148748E-03   0.495946E-02   0.495946E-02
   0.311505E+00   0.493184E-02   0.147955E-03   0.493146E-02   0.493146E-02
   0.311920E+00   0.490561E-02   0.147168E-03   0.490459E-02   0.490459E-02
   0.312334E+00   0.487954E-02   0.146386E-03   0.487848E-02   0.487848E-02
   0.312749E+00   0.485365E-02   0.145610E-03   0.485364E-02   0.485364E-02
   0.313164E+00   0.482792E-02   0.144838E-03   0.482746E-02   0.482746E-02
   0.313579E+00   0.480237E-02   0.144071E-03   0.480189E-02   0.480189E-02
   0.313993E+00   0.477698E-02   0.143309E-03   0.477648E-02   0.477648E-02
   0.314408E+00   0.475175E-02   0.142552E-03   0.475123E-02   0.475123E-02
   0.314823E+00   0.472668E-02   0.141801E-03   0.472590E-02   0.472590E-02
   0.315238E+00   0.470178E-02   0.141053E-03   0.471233E-02   0.471233E-02
   0.315652E+00   0.467704E-02   0.140311E-03   0.467664E-02   0.467664E-02
   0.316067E+00   0.465246E-02   0.139574E-03   0.465105E-02   0.465105E-02
   0.316482E+00   0.462804E-02   0.138841E-03   0.463167E-02   0.463167E-02
   0.316897E+00   0.460377E-02   0.138113E-03   0.460266E-02   0.460266E-02
   0.317311E+00   0.457967E-02   0.137390E-03   0.457928E-02   0.457928E-02
   0.317726E+00   0.455571E-02   0.136671E-03   0.455520E-02   0.455520E-02
   0.318141E+00   0.453191E-02   0.135957E-03   0.453161E-02   0.453161E-02
   0.318556E+00   0.450827E-02   0.135248E-03   0.450787E-02   0.450787E-02
   0.318970E+00   0.448477E-02   0.134543E-03   0.448424E-02   0.448424E-02
   0.319385E+00   0.446143E-02   0.133843E-03   0.446094E-02   0.446094E-02
   0.319800E+00   0.443824E-02   0.133147E-03   0.443814E-02   0.443814E-02
   0.320215E+00   0.441519E-02   0.132456E-03   0.441473E-02   0.441473E-02
   0.320629E+00   0.439229E-02   0.131769E-03   0.439129E-02   0.439129E-02
   0.321044E+00   0.436955E-02   0.131086E-03   0.436877E-02   0.436877E-02
   0.321459E+00   0.434694E-02   0.130408E-03   0.434654E-02   0.434654E-02
   0.321874E+00   0.432448E-02   0.129734E-03   0.432404E-02   0.432404E-02
   0.322288E+00   0.430217E-02   0.129065E-03   0.430176E-02   0.430176E-02
   0.322703E+00   0.428000E-02   0.128400E-03   0.427962E-02   0.427962E-02
   0.323118E+00   0.425797E-02   0.127739E-03   0.425787E-02   0.425787E-02
   0.323533E+00   0.423608E-02   0.127082E-03   0.423563E-02   0.423563E-02
   0.323947E+00   0.421433E-02   0.126430E-03   0.421399E-02   0.421399E-02
   0.324362E+00   0.419272E-02   0.125782E-03   0.419233E-02   0.419233E-02
   0.324777E+00   0.417126E-02   0.125138E-03   0.417141E-02   0.417141E-02
   0.325192E+00   0.414992E-02   0.124498E-03   0.414998E-02   0.414998E-02
   0.325607E+00   0.412873E-02   0.123862E-03   0.412784E-02   0.412784E-02
   0.326021E+00   0.410767E-02   0.123230E-03   0.410763E-02   0.410763E-02
   0.326436E+00   0.408674E-02   0.122602E-03   0.408661E-02   0.408661E-02
   0.326851E+00   0.406595E-02   0.121979E-03   0.406584E-02   0.406584E-02
   0.327266E+00   0.404530E-02   0.121359E-03   0.404514E-02   0.404514E-02
   0.327680E+00   0.402477E-02   0.120743E-03   0.402459E-02   0.402459E-02
   0.328095E+00   0.400438E-02   0.120131E-03   0.400400E-02   0.400400E-02
   0.328510E+00   0.398412E-02   0.119523E-03   0.398414E-02   0.398414E-02
   0.328925E+00   0.396398E-02   0.118919E-03   0.396394E-02   0.396394E-02
   0.329339E+00   0.394398E-02   0.118319E-03   0.394412E-02   0.394412E-02
   0.329754E+00   0.392410E-02   0.117723E-03   0.392402E-02   0.392402E-02
   0.330169E+00   0.390435E-02   0.117130E-03   0.391732E-02   0.391732E-02
   0.330584E+00   0.388472E-02   0.116542E-03   0.388647E-02   0.388647E-02
   0.330998E+00   0.386522E-02   0.115957E-03   0.386386E-02   0.386386E-02
   0.331413E+00   0.384584E-02   0.115375E-03   0.384461E-02   0.384461E-02
   0.331828E+00   0.382659E-02   0.114798E-03   0.381727E-02   0.381727E-02
   0.332243E+00   0.380746E-02   0.114224E-03   0.380767E-02   0.380767E-02
   0.332657E+00   0.378845E-02   0.113653E-03   0.378865E-02   0.378865E-02
   0.333072E+00   0.376956E-02   0.113087E-03   0.376973E-02   0.376973E-02
   0.333487E+00   0.375079E-02   0.112524E-03   0.375099E-02   0.375099E-02
   0.333902E+00   0.373213E-02   0.111964E-03   0.373230E-02   0.373230E-02
   0.334316E+00   0.371360E-02   0.111408E-03   0.371377E-02   0.371377E-02
   0.334731E+00   0.369518E-02   0.110855E-03   0.369534E-02   0.369534E-02
   0.335146E+00   0.367688E-02   0.110306E-03   0.367711E-02   0.367711E-02
   0.335561E+00   0.365869E-02   0.109761E-03   0.365885E-02   0.365885E-02
   0.335975E+00   0.364061E-02   0.109218E-03   0.364066E-02   0.364066E-02
   0.336390E+00   0.362265E-02   0.108679E-03   0.362281E-02   0.362281E-02
   0.336805E+00   0.360479E-02   0.108144E-03   0.360531E-02   0.360531E-02
   0.337220E+00   0.358705E-02   0.107612E-03   0.358723E-02   0.358723E-02
   0.337634E+00   0.356942E-02   0.107083E-03   0.356954E-02   0.356954E-02
   0.338049E+00   0.355190E-02   0.106557E-03   0.355424E-02   0.355424E-02
   0.338464E+00   0.353449E-02   0.106035E-03   0.353419E-02   0.353419E-02
   0.338879E+00   0.351718E-02   0.105515E-03   0.351517E-02   0.351517E-02
   0.339293E+00   0.349998E-02   0.104999E-03   0.350001E-02   0.350001E-02
   0.339708E+00   0.348288E-02   0.104486E-03   0.348289E-02   0.348289E-02
   0.340123E+00   0.346589E-02   0.103977E-03   0.346567E-02   0.346567E-02
   0.340538E+00   0.344900E-02   0.103470E-03   0.344898E-02   0.344898E-02
   0.340952E+00   0.343221E-02   0.102966E-03   0.343198E-02   0.343198E-02
   0.341367E+00   0.341553E-02   0.102466E-03   0.341537E-02   0.341537E-02
   0.341782E+00   0.339894E-02   0.101968E-03   0.339902E-02   0.339902E-02
   0.342197E+00   0.338246E-02   0.101474E-03   0.338225E-02   0.338225E-02
   0.342612E+00   0.336608E-02   0.100982E-03   0.336592E-02   0.336592E-02
   0.343026E+00   0.334979E-02   0.100494E-03   0.334963E-02   0.334963E-02
   0.343441E+00   0.333360E-02   0.100008E-03   0.333339E-02   0.333339E-02
   0.343856E+00   0.331751E-02   0.995252E-04   0.331732E-02   0.331732E-02
   0.344271E+00   0.330151E-02   0.990453E-04   0.330129E-02   0.330129E-02
   0.344685E+00   0.328561E-02   0.985683E-04   0.328524E-02   0.328524E-02
   0.345100E+00   0.326980E-02   0.980941E-04   0.326337E-02   0.326337E-02
   0.345515E+00   0.325409E-02   0.976227E-04   0.325056E-02   0.325056E-02
   0.345930E+00   0.323847E-02   0.971541E-04   0.323673E-02   0.323673E-02
   0.346344E+00   0.322294E-02   0.966883E-04   0.322526E-02   0.322526E-02
   0.346759E+00   0.320751E-02   0.962252E-04   0.322032E-02   0.322032E-02
   0.347174E+00   0.319216E-02   0.957648E-04   0.319175E-02   0.319175E-02
   0.347589E+00   0.317691E-02   0.953072E-04   0.317661E-02   0.317661E-02
   0.348003E+00   0.316174E-02   0.948522E-04   0.316173E-02   0.316173E-02
   0.348418E+00   0.314666E-02   0.943999E-04   0.314642E-02   0.314642E-02
   0.348833E+00   0.313168E-02   0.939503E-04   0.313185E-02   0.313185E-02
   0.349248E+00   0.311678E-02   0.935033E-04   0.311660E-02   0.311660E-02
   0.349662E+00   0.310196E-02   0.930589E-04   0.310179E-02   0.310179E-02
   0.350077E+00   0.308724E-02   0.926171E-04   0.308703E-02   0.308703E-02
   0.350492E+00   0.307259E-02   0.921778E-04   0.307241E-02   0.307241E-02
   0.350907E+00   0.305804E-02   0.917412E-04   0.305775E-02   0.305775E-02
   0.351321E+00   0.304357E-02   0.913070E-04   0.304318E-02   0.304318E-02
   0.351736E+00   0.302918E-02   0.908755E-04   0.302907E-02   0.302907E-02
   0.352151E+00   0.301488E-02   0.904464E-04   0.301509E-02   0.301509E-02
   0.352566E+00   0.300066E-02   0.900198E-04   0.300079E-02   0.300079E-02
   0.352980E+00   0.298652E-02   0.895957E-04   0.298565E-02   0.298565E-02
   0.353395E+00   0.297247E-02   0.891741E-04   0.297230E-02   0.297230E-02
   0.353810E+00   0.295850E-02   0.887549E-04   0.295882E-02   0.295882E-02
   0.354225E+00   0.294461E-02   0.883382E-04   0.294463E-02   0.294463E-02
   0.354639E+00   0.293080E-02   0.879239E-04   0.293094E-02   0.293094E-02
   0.355054E+00   0.291707E-02   0.875120E-04   0.291718E-02   0.291718E-02
   0.355469E+00   0.290342E-02   0.871025E-04   0.290400E-02   0.290400E-02
   0.355884E+00   0.288985E-02   0.866954E-04   0.289002E-02   0.289002E-02
   0.356298E+00   0.287635E-02   0.862906E-04   0.287573E-02   0.287573E-02
   0.356713E+00   0.286294E-02   0.858882E-04   0.286323E-02   0.286323E-02
   0.357128E+00   0.284961E-02   0.854882E-04   0.284975E-02   0.284975E-02
   0.357543E+00   0.283635E-02   0.850905E-04   0.283669E-02   0.283669E-02
   0.357957E+00   0.282317E-02   0.846951E-04   0.282353E-02   0.282353E-02
   0.358372E+00   0.281007E-02   0.843020E-04   0.281083E-02   0.281083E-02
   0.358787E+00   0.279704E-02   0.839112E-04   0.279745E-02   0.279745E-02
   0.359202E+00   0.278409E-02   0.835226E-04   0.278453E-02   0.278453E-02
   0.359617E+00   0.277121E-02   0.831364E-04   0.277165E-02   0.277165E-02
   0.360031E+00   0.275841E-02   0.827523E-04   0.275077E-02   0.275077E-02
   0.360446E+00   0.274569E-02   0.823706E-04   0.274560E-02   0.274560E-02
   0.360861E+00   0.273303E-02   0.819910E-04   0.273250E-02   0.273250E-02
   0.361276E+00   0.272046E-02   0.816137E-04   0.272132E-02   0.272132E-02
   0.361690E+00   0.270795E-02   0.812385E-04   0.271021E-02   0.271021E-02
   0.362105E+00   0.269552E-02   0.808655E-04   0.269511E-02   0.269511E-02
   0.362520E+00   0.268316E-02   0.804947E-04   0.268352E-02   0.268352E-02
   0.362935E+00   0.267087E-02   0.801261E-04   0.267125E-02   0.267125E-02
   0.363349E+00   0.265865E-02   0.797596E-04   0.265880E-02   0.265880E-02
   0.363764E+00   0.264651E-02   0.793952E-04   0.264681E-02   0.264681E-02
   0.364179E+00   0.263443E-02   0.790330E-04   0.263529E-02   0.263529E-02
   0.364594E+00   0.262243E-02   0.786728E-04   0.262288E-02   0.262288E-02
   0.365008E+00   0.261049E-02   0.783147E-04   0.261008E-02   0.261008E-02
   0.365423E+00   0.259862E-02   0.779587E-04   0.259895E-02   0.259895E-02
   0.365838E+00   0.258683E-02   0.776048E-04   0.258683E-02   0.258683E-02
   0.366253E+00   0.257510E-02   0.772529E-04   0.257530E-02   0.257530E-02
   0.366667E+00   0.256343E-02   0.769030E-04   0.256341E-02   0.256341E-02
   0.367082E+00   0.255184E-02   0.765551E-04   0.255180E-02   0.255180E-02
   0.367497E+00   0.254031E-02   0.762092E-04   0.254021E-02   0.254021E-02
   0.367912E+00   0.252885E-02   0.758654E-04   0.252868E-02   0.252868E-02
   0.368326E+00   0.251745E-02   0.755234E-04   0.251793E-02   0.251793E-02
   0.368741E+00   0.250612E-02   0.751835E-04   0.250648E-02   0.250648E-02
   0.369156E+00   0.249485E-02   0.748454E-04   0.249457E-02   0.249457E-02
   0.369571E+00   0.248364E-02   0.745093E-04   0.248336E-02   0.248336E-02
   0.369985E+00   0.247250E-02   0.741751E-04   0.247219E-02   0.247219E-02
   0.370400E+00   0.246143E-02   0.738428E-04   0.246113E-02   0.246113E-02
   0.370815E+00   0.245041E-02   0.735124E-04   0.245020E-02   0.245020E-02
   0.371230E+00   0.243946E-02   0.731839E-04   0.243916E-02   0.243916E-02
   0.371644E+00   0.242857E-02   0.728572E-04   0.242846E-02   0.242846E-02
   0.372059E+00   0.241774E-02   0.725323E-04   0.241726E-02   0.241726E-02
   0.372474E+00   0.240697E-02   0.722092E-04   0.240711E-02   0.240711E-02
   0.372889E+00   0.239627E-02   0.718880E-04   0.239663E-02   0.239663E-02
   0.373303E+00   0.238562E-02   0.715685E-04   0.238569E-02   0.238569E-02
   0.373718E+00   0.237503E-02   0.712509E-04   0.237512E-02   0.237512E-02
   0.374133E+00   0.236450E-02   0.709349E-04   0.236483E-02   0.236483E-02
   0.374548E+00   0.235403E-02   0.706208E-04   0.235453E-02   0.235453E-02
   0.374962E+00   0.234361E-02   0.703083E-04   0.234234E-02   0.234234E-02
   0.375377E+00   0.233325E-02   0.699976E-04   0.233460E-02   0.233460E-02
   0.375792E+00   0.232295E-02   0.696886E-04   0.232382E-02   0.232382E-02
   0.376207E+00   0.231271E-02   0.693813E-04   0.231336E-02   0.231336E-02
   0.376622E+00   0.230252E-02   0.690757E-04   0.230378E-02   0.230378E-02
   0.377036E+00   0.229239E-02   0.687717E-04   0.228505E-02   0.228505E-02
   0.377451E+00   0.228231E-02   0.684694E-04   0.228483E-02   0.228483E-02
   0.377866E+00   0.227229E-02   0.681687E-04   0.227535E-02   0.227535E-02

           ####      Real Space Data                               ####

           Distance distribution  function of particle  


      R          P(R)      ERROR

  0.0000E+00  0.0000E+00  0.0000E+00
  0.1005E+01  0.1133E-03  0.3266E-04
  0.2010E+01  0.4026E-03  0.4513E-04
  0.3015E+01  0.8643E-03  0.3999E-04
  0.4020E+01  0.1493E-02  0.2252E-04
  0.5025E+01  0.2280E-02  0.5478E-05
  0.6030E+01  0.3217E-02  0.2820E-04
  0.7035E+01  0.4293E-02  0.4914E-04
  0.8040E+01  0.5496E-02  0.6209E-04
  0.9045E+01  0.6815E-02  0.6499E-04
  0.1005E+02  0.8238E-02  0.5746E-04
  0.1106E+02  0.9754E-02  0.4228E-04
  0.1206E+02  0.1135E-01  0.2850E-04
  0.1307E+02  0.1302E-01  0.3400E-04
  0.1407E+02  0.1474E-01  0.5274E-04
  0.1508E+02  0.1652E-01  0.7005E-04
  0.1608E+02  0.1833E-01  0.8008E-04
  0.1709E+02  0.2018E-01  0.8162E-04
  0.1809E+02  0.2205E-01  0.7578E-04
  0.1910E+02  0.2394E-01  0.6745E-04
  0.2010E+02  0.2583E-01  0.6451E-04
  0.2111E+02  0.2772E-01  0.7234E-04
  0.2211E+02  0.2960E-01  0.8675E-04
  0.2312E+02  0.3146E-01  0.1007E-03
  0.2412E+02  0.3329E-01  0.1096E-03
  0.2513E+02  0.3509E-01  0.1118E-03
  0.2613E+02  0.3685E-01  0.1092E-03
  0.2714E+02  0.3856E-01  0.1061E-03
  0.2814E+02  0.4021E-01  0.1072E-03
  0.2915E+02  0.4180E-01  0.1148E-03
  0.3015E+02  0.4332E-01  0.1265E-03
  0.3116E+02  0.4477E-01  0.1377E-03
  0.3216E+02  0.4614E-01  0.1452E-03
  0.3317E+02  0.4743E-01  0.1478E-03
  0.3417E+02  0.4864E-01  0.1470E-03
  0.3518E+02  0.4976E-01  0.1459E-03
  0.3618E+02  0.5078E-01  0.1481E-03
  0.3719E+02  0.5171E-01  0.1549E-03
  0.3819E+02  0.5255E-01  0.1647E-03
  0.3920E+02  0.5329E-01  0.1738E-03
  0.4020E+02  0.5392E-01  0.1797E-03
  0.4121E+02  0.5446E-01  0.1814E-03
  0.4221E+02  0.5490E-01  0.1802E-03
  0.4322E+02  0.5523E-01  0.1788E-03
  0.4422E+02  0.5547E-01  0.1803E-03
  0.4523E+02  0.5560E-01  0.1857E-03
  0.4623E+02  0.5564E-01  0.1935E-03
  0.4724E+02  0.5557E-01  0.2011E-03
  0.4824E+02  0.5542E-01  0.2062E-03
  0.4925E+02  0.5517E-01  0.2083E-03
  0.5025E+02  0.5484E-01  0.2085E-03
  0.5126E+02  0.5442E-01  0.2093E-03
  0.5226E+02  0.5392E-01  0.2130E-03
  0.5327E+02  0.5334E-01  0.2200E-03
  0.5427E+02  0.5269E-01  0.2288E-03
  0.5528E+02  0.5197E-01  0.2366E-03
  0.5628E+02  0.5119E-01  0.2413E-03
  0.5729E+02  0.5035E-01  0.2423E-03
  0.5829E+02  0.4945E-01  0.2410E-03
  0.5930E+02  0.4850E-01  0.2396E-03
  0.6030E+02  0.4751E-01  0.2405E-03
  0.6131E+02  0.4647E-01  0.2444E-03
  0.6231E+02  0.4540E-01  0.2506E-03
  0.6332E+02  0.4430E-01  0.2569E-03
  0.6432E+02  0.4316E-01  0.2617E-03
  0.6533E+02  0.4201E-01  0.2646E-03
  0.6633E+02  0.4084E-01  0.2666E-03
  0.6734E+02  0.3965E-01  0.2697E-03
  0.6834E+02  0.3846E-01  0.2753E-03
  0.6935E+02  0.3726E-01  0.2833E-03
  0.7035E+02  0.3605E-01  0.2922E-03
  0.7136E+02  0.3485E-01  0.2999E-03
  0.7236E+02  0.3366E-01  0.3047E-03
  0.7337E+02  0.3247E-01  0.3064E-03
  0.7437E+02  0.3129E-01  0.3061E-03
  0.7538E+02  0.3012E-01  0.3059E-03
  0.7638E+02  0.2897E-01  0.3076E-03
  0.7739E+02  0.2784E-01  0.3116E-03
  0.7839E+02  0.2673E-01  0.3169E-03
  0.7940E+02  0.2564E-01  0.3220E-03
  0.8040E+02  0.2457E-01  0.3256E-03
  0.8141E+02  0.2352E-01  0.3275E-03
  0.8241E+02  0.2250E-01  0.3289E-03
  0.8342E+02  0.2151E-01  0.3314E-03
  0.8442E+02  0.2054E-01  0.3360E-03
  0.8543E+02  0.1961E-01  0.3426E-03
  0.8643E+02  0.1870E-01  0.3495E-03
  0.8744E+02  0.1782E-01  0.3550E-03
  0.8844E+02  0.1697E-01  0.3577E-03
  0.8945E+02  0.1615E-01  0.3574E-03
  0.9045E+02  0.1536E-01  0.3554E-03
  0.9146E+02  0.1459E-01  0.3535E-03
  0.9246E+02  0.1386E-01  0.3531E-03
  0.9347E+02  0.1315E-01  0.3546E-03
  0.9447E+02  0.1247E-01  0.3569E-03
  0.9548E+02  0.1182E-01  0.3587E-03
  0.9648E+02  0.1120E-01  0.3592E-03
  0.9749E+02  0.1060E-01  0.3584E-03
  0.9849E+02  0.1003E-01  0.3575E-03
  0.9950E+02  0.9487E-02  0.3582E-03
  0.1005E+03  0.8967E-02  0.3613E-03
  0.1015E+03  0.8471E-02  0.3662E-03
  0.1025E+03  0.7999E-02  0.3713E-03
  0.1035E+03  0.7549E-02  0.3747E-03
  0.1045E+03  0.7122E-02  0.3754E-03
  0.1055E+03  0.6715E-02  0.3737E-03
  0.1065E+03  0.6329E-02  0.3711E-03
  0.1075E+03  0.5962E-02  0.3693E-03
  0.1085E+03  0.5613E-02  0.3696E-03
  0.1095E+03  0.5283E-02  0.3719E-03
  0.1106E+03  0.4969E-02  0.3750E-03
  0.1116E+03  0.4672E-02  0.3772E-03
  0.1126E+03  0.4391E-02  0.3778E-03
  0.1136E+03  0.4125E-02  0.3770E-03
  0.1146E+03  0.3874E-02  0.3762E-03
  0.1156E+03  0.3636E-02  0.3767E-03
  0.1166E+03  0.3412E-02  0.3794E-03
  0.1176E+03  0.3200E-02  0.3835E-03
  0.1186E+03  0.3000E-02  0.3875E-03
  0.1196E+03  0.2812E-02  0.3900E-03
  0.1206E+03  0.2635E-02  0.3906E-03
  0.1216E+03  0.2468E-02  0.3901E-03
  0.1226E+03  0.2310E-02  0.3901E-03
  0.1236E+03  0.2162E-02  0.3922E-03
  0.1246E+03  0.2022E-02  0.3967E-03
  0.1256E+03  0.1890E-02  0.4024E-03
  0.1266E+03  0.1766E-02  0.4076E-03
  0.1276E+03  0.1649E-02  0.4104E-03
  0.1286E+03  0.1539E-02  0.4102E-03
  0.1296E+03  0.1436E-02  0.4077E-03
  0.1307E+03  0.1339E-02  0.4045E-03
  0.1317E+03  0.1247E-02  0.4023E-03
  0.1327E+03  0.1162E-02  0.4018E-03
  0.1337E+03  0.1082E-02  0.4026E-03
  0.1347E+03  0.1007E-02  0.4037E-03
  0.1357E+03  0.9365E-03  0.4043E-03
  0.1367E+03  0.8705E-03  0.4045E-03
  0.1377E+03  0.8086E-03  0.4057E-03
  0.1387E+03  0.7505E-03  0.4094E-03
  0.1397E+03  0.6959E-03  0.4160E-03
  0.1407E+03  0.6447E-03  0.4247E-03
  0.1417E+03  0.5966E-03  0.4330E-03
  0.1427E+03  0.5514E-03  0.4387E-03
  0.1437E+03  0.5092E-03  0.4399E-03
  0.1447E+03  0.4696E-03  0.4367E-03
  0.1457E+03  0.4327E-03  0.4303E-03
  0.1467E+03  0.3982E-03  0.4230E-03
  0.1477E+03  0.3662E-03  0.4165E-03
  0.1487E+03  0.3363E-03  0.4118E-03
  0.1497E+03  0.3086E-03  0.4084E-03
  0.1508E+03  0.2828E-03  0.4059E-03
  0.1518E+03  0.2588E-03  0.4041E-03
  0.1528E+03  0.2365E-03  0.4040E-03
  0.1538E+03  0.2156E-03  0.4070E-03
  0.1548E+03  0.1962E-03  0.4138E-03
  0.1558E+03  0.1780E-03  0.4233E-03
  0.1568E+03  0.1611E-03  0.4326E-03
  0.1578E+03  0.1454E-03  0.4384E-03
  0.1588E+03  0.1308E-03  0.4379E-03
  0.1598E+03  0.1174E-03  0.4303E-03
  0.1608E+03  0.1051E-03  0.4166E-03
  0.1618E+03  0.9389E-04  0.3993E-03
  0.1628E+03  0.8368E-04  0.3817E-03
  0.1638E+03  0.7441E-04  0.3658E-03
  0.1648E+03  0.6599E-04  0.3527E-03
  0.1658E+03  0.5833E-04  0.3420E-03
  0.1668E+03  0.5134E-04  0.3339E-03
  0.1678E+03  0.4492E-04  0.3292E-03
  0.1688E+03  0.3902E-04  0.3299E-03
  0.1698E+03  0.3360E-04  0.3364E-03
  0.1709E+03  0.2863E-04  0.3469E-03
  0.1719E+03  0.2414E-04  0.3569E-03
  0.1729E+03  0.2014E-04  0.3609E-03
  0.1739E+03  0.1666E-04  0.3549E-03
  0.1749E+03  0.1371E-04  0.3374E-03
  0.1759E+03  0.1128E-04  0.3103E-03
  0.1769E+03  0.9325E-05  0.2782E-03
  0.1779E+03  0.7783E-05  0.2472E-03
  0.1789E+03  0.6553E-05  0.2223E-03
  0.1799E+03  0.5518E-05  0.2049E-03
  0.1809E+03  0.4560E-05  0.1932E-03
  0.1819E+03  0.3585E-05  0.1858E-03
  0.1829E+03  0.2539E-05  0.1849E-03
  0.1839E+03  0.1419E-05  0.1948E-03
  0.1849E+03  0.2810E-06  0.2147E-03
  0.1859E+03 -0.7697E-06  0.2365E-03
  0.1869E+03 -0.1601E-05  0.2489E-03
  0.1879E+03 -0.2082E-05  0.2425E-03
  0.1889E+03 -0.2124E-05  0.2133E-03
  0.1899E+03 -0.1713E-05  0.1643E-03
  0.1910E+03 -0.9395E-06  0.1102E-03
  0.1920E+03 -0.7743E-08  0.8536E-04
  0.1930E+03  0.7840E-06  0.1042E-03
  0.1940E+03  0.1099E-05  0.1198E-03
  0.1950E+03  0.6564E-06  0.1069E-03
  0.1960E+03 -0.6361E-06  0.8935E-04
  0.1970E+03 -0.2518E-05  0.1363E-03
  0.1980E+03 -0.4195E-05  0.2043E-03
  0.1990E+03 -0.4152E-05  0.1957E-03
  0.2000E+03  0.0000E+00  0.0000E+00
